[ 2017-09-24T09:28:25+08:00 ] ::1 /monitor/index.php/zjwzxt_2.html
INFO: [ app_init ] --START--
INFO: Run Behavior\BuildLiteBehavior [ RunTime:0.000000s ]
INFO: [ app_init ] --END-- [ RunTime:0.001000s ]
ERR: 无法加载模块:Zjwzxt_2

[ 2017-09-24T09:28:25+08:00 ] ::1 /monitor/index.php/zjwzxt_2.html
INFO: [ app_init ] --START--
INFO: Run Behavior\BuildLiteBehavior [ RunTime:0.000000s ]
INFO: [ app_init ] --END-- [ RunTime:0.000000s ]
ERR: 无法加载模块:Zjwzxt_2

[ 2017-09-24T09:28:27+08:00 ] ::1 /monitor/index.php/zjwzxt_3.html
INFO: [ app_init ] --START--
INFO: Run Behavior\BuildLiteBehavior [ RunTime:0.000000s ]
INFO: [ app_init ] --END-- [ RunTime:0.001000s ]
ERR: 无法加载模块:Zjwzxt_3

[ 2017-09-24T09:28:27+08:00 ] ::1 /monitor/index.php/zjwzxt_3.html
INFO: [ app_init ] --START--
INFO: Run Behavior\BuildLiteBehavior [ RunTime:0.000000s ]
INFO: [ app_init ] --END-- [ RunTime:0.001000s ]
ERR: 无法加载模块:Zjwzxt_3

[ 2017-09-24T09:28:29+08:00 ] ::1 /monitor/index.php/zjwzxt_4.html
INFO: [ app_init ] --START--
INFO: Run Behavior\BuildLiteBehavior [ RunTime:0.000000s ]
INFO: [ app_init ] --END-- [ RunTime:0.001000s ]
ERR: 无法加载模块:Zjwzxt_4

[ 2017-09-24T09:28:29+08:00 ] ::1 /monitor/index.php/zjwzxt_4.html
INFO: [ app_init ] --START--
INFO: Run Behavior\BuildLiteBehavior [ RunTime:0.000000s ]
INFO: [ app_init ] --END-- [ RunTime:0.001000s ]
ERR: 无法加载模块:Zjwzxt_4

[ 2017-09-24T09:28:29+08:00 ] ::1 /monitor/index.php/zjwz_tj_sjlx.html
INFO: [ app_init ] --START--
INFO: Run Behavior\BuildLiteBehavior [ RunTime:0.000000s ]
INFO: [ app_init ] --END-- [ RunTime:0.001000s ]
ERR: 无法加载模块:Zjwz_tj_sjlx

[ 2017-09-24T09:28:29+08:00 ] ::1 /monitor/index.php/zjwz_tj_sjlx.html
INFO: [ app_init ] --START--
INFO: Run Behavior\BuildLiteBehavior [ RunTime:0.000000s ]
INFO: [ app_init ] --END-- [ RunTime:0.000000s ]
ERR: 无法加载模块:Zjwz_tj_sjlx

[ 2017-09-24T09:28:30+08:00 ] ::1 /monitor/index.php/zjwz_tj_xsly.html
INFO: [ app_init ] --START--
INFO: Run Behavior\BuildLiteBehavior [ RunTime:0.000000s ]
INFO: [ app_init ] --END-- [ RunTime:0.001000s ]
ERR: 无法加载模块:Zjwz_tj_xsly

[ 2017-09-24T09:28:30+08:00 ] ::1 /monitor/index.php/zjwz_tj_xsly.html
INFO: [ app_init ] --START--
INFO: Run Behavior\BuildLiteBehavior [ RunTime:0.000000s ]
INFO: [ app_init ] --END-- [ RunTime:0.000000s ]
ERR: 无法加载模块:Zjwz_tj_xsly

[ 2017-09-24T09:30:58+08:00 ] ::1 /monitor/index.php/zfpjlb_qd.html
INFO: [ app_init ] --START--
INFO: Run Behavior\BuildLiteBehavior [ RunTime:0.000000s ]
INFO: [ app_init ] --END-- [ RunTime:0.001000s ]
ERR: 无法加载模块:Zfpjlb_qd

[ 2017-09-24T09:30:58+08:00 ] ::1 /monitor/index.php/zfpjlb_qd.html
INFO: [ app_init ] --START--
INFO: Run Behavior\BuildLiteBehavior [ RunTime:0.000000s ]
INFO: [ app_init ] --END-- [ RunTime:0.000000s ]
ERR: 无法加载模块:Zfpjlb_qd

[ 2017-09-24T09:31:01+08:00 ] ::1 /monitor/index.php/zfpjlb_qd.html
INFO: [ app_init ] --START--
INFO: Run Behavior\BuildLiteBehavior [ RunTime:0.000000s ]
INFO: [ app_init ] --END-- [ RunTime:0.001000s ]
ERR: 无法加载模块:Zfpjlb_qd

[ 2017-09-24T09:31:01+08:00 ] ::1 /monitor/index.php/zfpj_qd.html
INFO: [ app_init ] --START--
INFO: Run Behavior\BuildLiteBehavior [ RunTime:0.000000s ]
INFO: [ app_init ] --END-- [ RunTime:0.001000s ]
ERR: 无法加载模块:Zfpj_qd

[ 2017-09-24T09:31:01+08:00 ] ::1 /monitor/index.php/zfpj_qd.html
INFO: [ app_init ] --START--
INFO: Run Behavior\BuildLiteBehavior [ RunTime:0.000000s ]
INFO: [ app_init ] --END-- [ RunTime:0.000000s ]
ERR: 无法加载模块:Zfpj_qd

[ 2017-09-24T09:31:03+08:00 ] ::1 /monitor/index.php/zfpj_cp.html
INFO: [ app_init ] --START--
INFO: Run Behavior\BuildLiteBehavior [ RunTime:0.000000s ]
INFO: [ app_init ] --END-- [ RunTime:0.001000s ]
ERR: 无法加载模块:Zfpj_cp

[ 2017-09-24T09:31:03+08:00 ] ::1 /monitor/index.php/zfpj_cp.html
INFO: [ app_init ] --START--
INFO: Run Behavior\BuildLiteBehavior [ RunTime:0.000000s ]
INFO: [ app_init ] --END-- [ RunTime:0.001000s ]
ERR: 无法加载模块:Zfpj_cp

[ 2017-09-24T09:31:15+08:00 ] ::1 /monitor/index.php/zfpjlb_qd.html
INFO: [ app_init ] --START--
INFO: Run Behavior\BuildLiteBehavior [ RunTime:0.000000s ]
INFO: [ app_init ] --END-- [ RunTime:0.001000s ]
ERR: 无法加载模块:Zfpjlb_qd

[ 2017-09-24T09:31:16+08:00 ] ::1 /monitor/index.php/zfpj_qd.html
INFO: [ app_init ] --START--
INFO: Run Behavior\BuildLiteBehavior [ RunTime:0.000000s ]
INFO: [ app_init ] --END-- [ RunTime:0.000000s ]
ERR: 无法加载模块:Zfpj_qd

[ 2017-09-24T09:31:17+08:00 ] ::1 /monitor/index.php/zfpj_qd.html
INFO: [ app_init ] --START--
INFO: Run Behavior\BuildLiteBehavior [ RunTime:0.000000s ]
INFO: [ app_init ] --END-- [ RunTime:0.001000s ]
ERR: 无法加载模块:Zfpj_qd

[ 2017-09-24T09:31:17+08:00 ] ::1 /monitor/index.php/zfpj_pjdx.html
INFO: [ app_init ] --START--
INFO: Run Behavior\BuildLiteBehavior [ RunTime:0.000000s ]
INFO: [ app_init ] --END-- [ RunTime:0.001000s ]
ERR: 无法加载模块:Zfpj_pjdx

[ 2017-09-24T09:31:17+08:00 ] ::1 /monitor/index.php/zfpj_pjdx.html
INFO: [ app_init ] --START--
INFO: Run Behavior\BuildLiteBehavior [ RunTime:0.000000s ]
INFO: [ app_init ] --END-- [ RunTime:0.000000s ]
ERR: 无法加载模块:Zfpj_pjdx

[ 2017-09-24T09:31:18+08:00 ] ::1 /monitor/index.php/zfpj_cp.html
INFO: [ app_init ] --START--
INFO: Run Behavior\BuildLiteBehavior [ RunTime:0.000000s ]
INFO: [ app_init ] --END-- [ RunTime:0.001000s ]
ERR: 无法加载模块:Zfpj_cp

[ 2017-09-24T10:25:27+08:00 ] ::1 /monitor/index.php/skin/default/skin.css
INFO: [ app_init ] --START--
INFO: Run Behavior\BuildLiteBehavior [ RunTime:0.000000s ]
INFO: [ app_init ] --END-- [ RunTime:0.000000s ]
ERR: 无法加载模块:Skin

[ 2017-09-24T10:25:52+08:00 ] ::1 /monitor/index.php/skin/default/skin.css
INFO: [ app_init ] --START--
INFO: Run Behavior\BuildLiteBehavior [ RunTime:0.000000s ]
INFO: [ app_init ] --END-- [ RunTime:0.001000s ]
ERR: 无法加载模块:Skin

[ 2017-09-24T10:26:47+08:00 ] ::1 /monitor/index.php/skin/default/skin.css
INFO: [ app_init ] --START--
INFO: Run Behavior\BuildLiteBehavior [ RunTime:0.000000s ]
INFO: [ app_init ] --END-- [ RunTime:0.001000s ]
ERR: 无法加载模块:Skin

[ 2017-09-24T11:53:06+08:00 ] ::1 /monitor/index.php/skin/default/skin.css
INFO: [ app_init ] --START--
INFO: Run Behavior\BuildLiteBehavior [ RunTime:0.000000s ]
INFO: [ app_init ] --END-- [ RunTime:0.001000s ]
ERR: 无法加载模块:Skin

[ 2017-09-24T14:44:16+08:00 ] ::1 /monitor/index.php/skin/default/skin.css
INFO: [ app_init ] --START--
INFO: Run Behavior\BuildLiteBehavior [ RunTime:0.000000s ]
INFO: [ app_init ] --END-- [ RunTime:0.001000s ]
ERR: 无法加载模块:Skin

[ 2017-09-24T14:46:22+08:00 ] ::1 /monitor/index.php/skin/default/skin.css
INFO: [ app_init ] --START--
INFO: Run Behavior\BuildLiteBehavior [ RunTime:0.000000s ]
INFO: [ app_init ] --END-- [ RunTime:0.000000s ]
ERR: 无法加载模块:Skin

[ 2017-09-24T15:22:57+08:00 ] ::1 /monitor/index.php/skin/default/skin.css
INFO: [ app_init ] --START--
INFO: Run Behavior\BuildLiteBehavior [ RunTime:0.000000s ]
INFO: [ app_init ] --END-- [ RunTime:0.000000s ]
ERR: 无法加载模块:Skin

[ 2017-09-24T15:48:55+08:00 ] ::1 /monitor/index.php/skin/default/skin.css
INFO: [ app_init ] --START--
INFO: Run Behavior\BuildLiteBehavior [ RunTime:0.000000s ]
INFO: [ app_init ] --END-- [ RunTime:0.000000s ]
ERR: 无法加载模块:Skin

[ 2017-09-24T20:29:57+08:00 ] ::1 /monitor/index.php/skin/default/skin.css
INFO: [ app_init ] --START--
INFO: Run Behavior\BuildLiteBehavior [ RunTime:0.000000s ]
INFO: [ app_init ] --END-- [ RunTime:0.001000s ]
ERR: 无法加载模块:Skin

[ 2017-09-24T20:31:20+08:00 ] ::1 /monitor/index.php/skin/default/skin.css
INFO: [ app_init ] --START--
INFO: Run Behavior\BuildLiteBehavior [ RunTime:0.000000s ]
INFO: [ app_init ] --END-- [ RunTime:0.001000s ]
ERR: 无法加载模块:Skin

