[ 2017-09-18T03:29:59+08:00 ] ::1 /monitorall/uploads/2017-09-10/59b4bb0d6ea70.png
INFO: [ app_init ] --START--
INFO: Run Behavior\BuildLiteBehavior [ RunTime:0.000012s ]
INFO: [ app_init ] --END-- [ RunTime:0.000405s ]
ERR: 无法加载模块:Uploads

[ 2017-09-18T03:32:36+08:00 ] ::1 /monitorall/uploads/2017-09-10/59b4bb1fb4a5d.png
INFO: [ app_init ] --START--
INFO: Run Behavior\BuildLiteBehavior [ RunTime:0.000014s ]
INFO: [ app_init ] --END-- [ RunTime:0.000592s ]
ERR: 无法加载模块:Uploads

[ 2017-09-18T04:03:12+08:00 ] ::1 /monitorall/uploads/2017-09-10/59b4bb1fb4a5d.png
INFO: [ app_init ] --START--
INFO: Run Behavior\BuildLiteBehavior [ RunTime:0.000023s ]
INFO: [ app_init ] --END-- [ RunTime:0.000795s ]
ERR: 无法加载模块:Uploads

[ 2017-09-18T04:14:54+08:00 ] ::1 /monitorall/uploads/2017-09-10/59b4bb2f2abc1.png
INFO: [ app_init ] --START--
INFO: Run Behavior\BuildLiteBehavior [ RunTime:0.000019s ]
INFO: [ app_init ] --END-- [ RunTime:0.000651s ]
ERR: 无法加载模块:Uploads

[ 2017-09-18T05:53:01+08:00 ] ::1 /monitorall/zjwz_tj_szxt.html
INFO: [ app_init ] --START--
INFO: Run Behavior\BuildLiteBehavior [ RunTime:0.000013s ]
INFO: [ app_init ] --END-- [ RunTime:0.000503s ]
ERR: 无法加载模块:Zjwz_tj_szxt

[ 2017-09-18T05:59:06+08:00 ] ::1 /monitorall/jyxc.html
INFO: [ app_init ] --START--
INFO: Run Behavior\BuildLiteBehavior [ RunTime:0.000014s ]
INFO: [ app_init ] --END-- [ RunTime:0.001089s ]
ERR: 无法加载模块:Jyxc

[ 2017-09-18T05:59:55+08:00 ] ::1 /monitorall/jyxc.html
INFO: [ app_init ] --START--
INFO: Run Behavior\BuildLiteBehavior [ RunTime:0.000015s ]
INFO: [ app_init ] --END-- [ RunTime:0.000832s ]
ERR: 无法加载模块:Jyxc

[ 2017-09-18T06:11:45+08:00 ] ::1 /monitorall/yh_js.html
INFO: [ app_init ] --START--
INFO: Run Behavior\BuildLiteBehavior [ RunTime:0.000123s ]
INFO: [ app_init ] --END-- [ RunTime:0.001343s ]
ERR: 无法加载模块:Yh_js

[ 2017-09-18T06:11:47+08:00 ] ::1 /monitorall/yh_zw.html
INFO: [ app_init ] --START--
INFO: Run Behavior\BuildLiteBehavior [ RunTime:0.000013s ]
INFO: [ app_init ] --END-- [ RunTime:0.000457s ]
ERR: 无法加载模块:Yh_zw

[ 2017-09-18T06:11:48+08:00 ] ::1 /monitorall/yh_qd.html
INFO: [ app_init ] --START--
INFO: Run Behavior\BuildLiteBehavior [ RunTime:0.000014s ]
INFO: [ app_init ] --END-- [ RunTime:0.000466s ]
ERR: 无法加载模块:Yh_qd

[ 2017-09-18T06:39:21+08:00 ] ::1 /monitorall/index.php/skin/default/skin.css
INFO: [ app_init ] --START--
INFO: Run Behavior\BuildLiteBehavior [ RunTime:0.000019s ]
INFO: [ app_init ] --END-- [ RunTime:0.000909s ]
ERR: 无法加载模块:Skin

[ 2017-09-18T06:45:19+08:00 ] ::1 /monitorall/index.php/skin/default/skin.css
INFO: [ app_init ] --START--
INFO: Run Behavior\BuildLiteBehavior [ RunTime:0.000013s ]
INFO: [ app_init ] --END-- [ RunTime:0.000506s ]
ERR: 无法加载模块:Skin

[ 2017-09-18T06:45:44+08:00 ] ::1 /monitorall/index.php/skin/default/skin.css
INFO: [ app_init ] --START--
INFO: Run Behavior\BuildLiteBehavior [ RunTime:0.000023s ]
INFO: [ app_init ] --END-- [ RunTime:0.000811s ]
ERR: 无法加载模块:Skin

[ 2017-09-18T07:00:44+08:00 ] ::1 /monitorall/Public/admin/lib/webuploader/0.1.5/H-ui.login.css
INFO: [ app_init ] --START--
INFO: Run Behavior\BuildLiteBehavior [ RunTime:0.000019s ]
INFO: [ app_init ] --END-- [ RunTime:0.000807s ]
ERR: 无法加载模块:Public

[ 2017-09-18T07:00:47+08:00 ] ::1 /monitorall/Public/admin/lib/webuploader/0.1.5/H-ui.login.css
INFO: [ app_init ] --START--
INFO: Run Behavior\BuildLiteBehavior [ RunTime:0.000020s ]
INFO: [ app_init ] --END-- [ RunTime:0.000730s ]
ERR: 无法加载模块:Public

[ 2017-09-18T07:00:50+08:00 ] ::1 /monitorall/Public/admin/lib/webuploader/0.1.5/H-ui.login.css
INFO: [ app_init ] --START--
INFO: Run Behavior\BuildLiteBehavior [ RunTime:0.000020s ]
INFO: [ app_init ] --END-- [ RunTime:0.000780s ]
ERR: 无法加载模块:Public

[ 2017-09-18T09:14:32+08:00 ] ::1 /monitorall/index.php/skin/default/skin.css
INFO: [ app_init ] --START--
INFO: Run Behavior\BuildLiteBehavior [ RunTime:0.000013s ]
INFO: [ app_init ] --END-- [ RunTime:0.000573s ]
ERR: 无法加载模块:Skin

[ 2017-09-18T09:16:21+08:00 ] ::1 /monitorall/index.php/skin/default/skin.css
INFO: [ app_init ] --START--
INFO: Run Behavior\BuildLiteBehavior [ RunTime:0.000015s ]
INFO: [ app_init ] --END-- [ RunTime:0.000646s ]
ERR: 无法加载模块:Skin

