[ 2017-09-23T21:14:31+08:00 ] ::1 /monitor/index.php/Admin/Pcontrol/index/oid/1/mid/skin/default/skin.css
INFO: [ app_init ] --START--
INFO: Run Behavior\BuildLiteBehavior [ RunTime:0.000000s ]
INFO: [ app_init ] --END-- [ RunTime:0.000000s ]
INFO: [ app_begin ] --START--
INFO: Run Behavior\ReadHtmlCacheBehavior [ RunTime:0.000000s ]
INFO: [ app_begin ] --END-- [ RunTime:0.000000s ]
SQL: SHOW COLUMNS FROM `qjdepts` [ RunTime:0.0080s ]
SQL: SELECT * FROM `qjdepts` ORDER BY id asc  [ RunTime:0.0010s ]
SQL: SHOW COLUMNS FROM `pcontrols` [ RunTime:0.0070s ]
SQL: SELECT `pflows`.`power`,`pcontrols`.id FROM `pcontrols` INNER JOIN pflows ON pflows.id=pcontrols.name  WHERE ( `pcontrols`.`oid`=1 and `pcontrols`.`mid`=1 ) ORDER BY `pcontrols`.`id` desc  [ RunTime:0.0000s ]
SQL: SELECT `pflows`.`power`,`pcontrols`.* FROM `pcontrols` INNER JOIN pflows ON pflows.id=pcontrols.name  WHERE ( `pcontrols`.`oid`=1 and `pcontrols`.`mid`=1 ) ORDER BY `pcontrols`.`id` desc LIMIT 0,1   [ RunTime:0.0010s ]
SQL: SELECT `pflows`.`power`,`pcontrols`.id FROM `pcontrols` INNER JOIN pflows ON pflows.id=pcontrols.name  WHERE ( `pcontrols`.`oid`=1 and `pcontrols`.`mid`=2 ) ORDER BY `pcontrols`.`id` desc  [ RunTime:0.0010s ]
SQL: SELECT `pflows`.`power`,`pcontrols`.* FROM `pcontrols` INNER JOIN pflows ON pflows.id=pcontrols.name  WHERE ( `pcontrols`.`oid`=1 and `pcontrols`.`mid`=2 ) ORDER BY `pcontrols`.`id` desc LIMIT 0,1   [ RunTime:0.0000s ]
SQL: SELECT `pflows`.`power`,`pcontrols`.id FROM `pcontrols` INNER JOIN pflows ON pflows.id=pcontrols.name  WHERE ( `pcontrols`.`oid`=1 and `pcontrols`.`mid`=3 ) ORDER BY `pcontrols`.`id` desc  [ RunTime:0.0000s ]
SQL: SELECT `pflows`.`power`,`pcontrols`.* FROM `pcontrols` INNER JOIN pflows ON pflows.id=pcontrols.name  WHERE ( `pcontrols`.`oid`=1 and `pcontrols`.`mid`=3 ) ORDER BY `pcontrols`.`id` desc LIMIT 0,1   [ RunTime:0.0010s ]
SQL: SELECT `pflows`.`power`,`pcontrols`.id FROM `pcontrols` INNER JOIN pflows ON pflows.id=pcontrols.name  WHERE ( `pcontrols`.`oid`=1 and `pcontrols`.`mid`=4 ) ORDER BY `pcontrols`.`id` desc  [ RunTime:0.0000s ]
SQL: SELECT `pflows`.`power`,`pcontrols`.* FROM `pcontrols` INNER JOIN pflows ON pflows.id=pcontrols.name  WHERE ( `pcontrols`.`oid`=1 and `pcontrols`.`mid`=4 ) ORDER BY `pcontrols`.`id` desc LIMIT 0,1   [ RunTime:0.0010s ]
SQL: SHOW COLUMNS FROM `cimportants` [ RunTime:0.0070s ]
ERR: 1054:Unknown column 'skin' in 'where clause'
 [ SQL语句 ] : SELECT * FROM `cimportants` WHERE ( oid=1 and mid=skin ) LIMIT 1  
ERR: 1054:Unknown column 'skin' in 'where clause'
 [ SQL语句 ] : SELECT * FROM `cimportants` WHERE ( oid=1 and mid=skin ) LIMIT 1  

[ 2017-09-23T21:16:39+08:00 ] ::1 /monitor/index.php/Admin/Pcontrol/index/oid/1/mid/1
INFO: [ app_init ] --START--
INFO: Run Behavior\BuildLiteBehavior [ RunTime:0.000000s ]
INFO: [ app_init ] --END-- [ RunTime:0.005000s ]
INFO: [ app_begin ] --START--
INFO: Run Behavior\ReadHtmlCacheBehavior [ RunTime:0.002000s ]
INFO: [ app_begin ] --END-- [ RunTime:0.002000s ]
SQL: SHOW COLUMNS FROM `qjdepts` [ RunTime:0.0110s ]
SQL: SELECT * FROM `qjdepts` ORDER BY id asc  [ RunTime:0.0020s ]
SQL: SHOW COLUMNS FROM `pcontrols` [ RunTime:0.0100s ]
SQL: SELECT `pflows`.`power`,`pcontrols`.id FROM `pcontrols` INNER JOIN pflows ON pflows.id=pcontrols.name  WHERE ( `pcontrols`.`oid`=1 and `pcontrols`.`mid`=1 ) ORDER BY `pcontrols`.`id` desc  [ RunTime:0.0030s ]
SQL: SELECT `pflows`.`power`,`pcontrols`.* FROM `pcontrols` INNER JOIN pflows ON pflows.id=pcontrols.name  WHERE ( `pcontrols`.`oid`=1 and `pcontrols`.`mid`=1 ) ORDER BY `pcontrols`.`id` desc LIMIT 0,1   [ RunTime:0.0010s ]
SQL: SELECT `pflows`.`power`,`pcontrols`.id FROM `pcontrols` INNER JOIN pflows ON pflows.id=pcontrols.name  WHERE ( `pcontrols`.`oid`=1 and `pcontrols`.`mid`=2 ) ORDER BY `pcontrols`.`id` desc  [ RunTime:0.0010s ]
SQL: SELECT `pflows`.`power`,`pcontrols`.* FROM `pcontrols` INNER JOIN pflows ON pflows.id=pcontrols.name  WHERE ( `pcontrols`.`oid`=1 and `pcontrols`.`mid`=2 ) ORDER BY `pcontrols`.`id` desc LIMIT 0,1   [ RunTime:0.0000s ]
SQL: SELECT `pflows`.`power`,`pcontrols`.id FROM `pcontrols` INNER JOIN pflows ON pflows.id=pcontrols.name  WHERE ( `pcontrols`.`oid`=1 and `pcontrols`.`mid`=3 ) ORDER BY `pcontrols`.`id` desc  [ RunTime:0.0010s ]
SQL: SELECT `pflows`.`power`,`pcontrols`.* FROM `pcontrols` INNER JOIN pflows ON pflows.id=pcontrols.name  WHERE ( `pcontrols`.`oid`=1 and `pcontrols`.`mid`=3 ) ORDER BY `pcontrols`.`id` desc LIMIT 0,1   [ RunTime:0.0000s ]
SQL: SELECT `pflows`.`power`,`pcontrols`.id FROM `pcontrols` INNER JOIN pflows ON pflows.id=pcontrols.name  WHERE ( `pcontrols`.`oid`=1 and `pcontrols`.`mid`=4 ) ORDER BY `pcontrols`.`id` desc  [ RunTime:0.0010s ]
SQL: SELECT `pflows`.`power`,`pcontrols`.* FROM `pcontrols` INNER JOIN pflows ON pflows.id=pcontrols.name  WHERE ( `pcontrols`.`oid`=1 and `pcontrols`.`mid`=4 ) ORDER BY `pcontrols`.`id` desc LIMIT 0,1   [ RunTime:0.0000s ]
SQL: SHOW COLUMNS FROM `cimportants` [ RunTime:0.0050s ]
SQL: SELECT * FROM `cimportants` WHERE ( oid=1 and mid=1 ) LIMIT 1   [ RunTime:0.0010s ]
SQL: SHOW COLUMNS FROM `pflows` [ RunTime:0.0050s ]
SQL: SELECT `id`,`power` FROM `pflows` WHERE `id` = 1 LIMIT 1   [ RunTime:0.0000s ]
SQL: SELECT `id`,`power` FROM `pflows` WHERE `id` = 3 LIMIT 1   [ RunTime:0.0000s ]
SQL: SHOW COLUMNS FROM `tmodels` [ RunTime:0.0050s ]
SQL: SELECT * FROM `tmodels` WHERE ( iid=1 ) LIMIT 1   [ RunTime:0.0000s ]
SQL: SHOW COLUMNS FROM `progressing1` [ RunTime:0.0050s ]
SQL: SELECT * FROM `progressing1`  [ RunTime:0.0010s ]
SQL: SHOW COLUMNS FROM `progressing1` [ RunTime:0.0050s ]
SQL: show full fields from progressing1 [ RunTime:0.0050s ]
INFO: [ view_parse ] --START--
INFO: [ template_filter ] --START--
INFO: Run Behavior\ContentReplaceBehavior [ RunTime:0.001000s ]
INFO: [ template_filter ] --END-- [ RunTime:0.001000s ]
NOTIC: [8] Undefined variable: addTable E:\phpStudy\WWW\monitor\Application\Runtime\Cache\Admin\180b8150a21bfcb3b4e2d445f7dfa9f7.php 第 112 行.
NOTIC: [8] Undefined variable: editTable E:\phpStudy\WWW\monitor\Application\Runtime\Cache\Admin\180b8150a21bfcb3b4e2d445f7dfa9f7.php 第 113 行.
NOTIC: [8] Undefined variable: addTable E:\phpStudy\WWW\monitor\Application\Runtime\Cache\Admin\180b8150a21bfcb3b4e2d445f7dfa9f7.php 第 115 行.
NOTIC: [8] Undefined offset: 4 E:\phpStudy\WWW\monitor\Application\Runtime\Cache\Admin\180b8150a21bfcb3b4e2d445f7dfa9f7.php 第 146 行.
NOTIC: [8] Undefined offset: 4 E:\phpStudy\WWW\monitor\Application\Runtime\Cache\Admin\180b8150a21bfcb3b4e2d445f7dfa9f7.php 第 146 行.
NOTIC: [8] Undefined offset: 4 E:\phpStudy\WWW\monitor\Application\Runtime\Cache\Admin\180b8150a21bfcb3b4e2d445f7dfa9f7.php 第 146 行.
NOTIC: [8] Undefined offset: 0 E:\phpStudy\WWW\monitor\Application\Runtime\Cache\Admin\180b8150a21bfcb3b4e2d445f7dfa9f7.php 第 177 行.
NOTIC: [8] Undefined offset: 0 E:\phpStudy\WWW\monitor\Application\Runtime\Cache\Admin\180b8150a21bfcb3b4e2d445f7dfa9f7.php 第 181 行.
NOTIC: [8] Undefined offset: 0 E:\phpStudy\WWW\monitor\Application\Runtime\Cache\Admin\180b8150a21bfcb3b4e2d445f7dfa9f7.php 第 185 行.
NOTIC: [8] Undefined offset: 0 E:\phpStudy\WWW\monitor\Application\Runtime\Cache\Admin\180b8150a21bfcb3b4e2d445f7dfa9f7.php 第 189 行.
NOTIC: [8] Undefined offset: 0 E:\phpStudy\WWW\monitor\Application\Runtime\Cache\Admin\180b8150a21bfcb3b4e2d445f7dfa9f7.php 第 210 行.
NOTIC: [8] Undefined offset: 0 E:\phpStudy\WWW\monitor\Application\Runtime\Cache\Admin\180b8150a21bfcb3b4e2d445f7dfa9f7.php 第 214 行.
NOTIC: [8] Undefined offset: 0 E:\phpStudy\WWW\monitor\Application\Runtime\Cache\Admin\180b8150a21bfcb3b4e2d445f7dfa9f7.php 第 218 行.
NOTIC: [8] Undefined offset: 0 E:\phpStudy\WWW\monitor\Application\Runtime\Cache\Admin\180b8150a21bfcb3b4e2d445f7dfa9f7.php 第 222 行.
NOTIC: [8] Undefined offset: 0 E:\phpStudy\WWW\monitor\Application\Runtime\Cache\Admin\180b8150a21bfcb3b4e2d445f7dfa9f7.php 第 243 行.
NOTIC: [8] Undefined offset: 0 E:\phpStudy\WWW\monitor\Application\Runtime\Cache\Admin\180b8150a21bfcb3b4e2d445f7dfa9f7.php 第 247 行.
NOTIC: [8] Undefined offset: 0 E:\phpStudy\WWW\monitor\Application\Runtime\Cache\Admin\180b8150a21bfcb3b4e2d445f7dfa9f7.php 第 251 行.
NOTIC: [8] Undefined offset: 0 E:\phpStudy\WWW\monitor\Application\Runtime\Cache\Admin\180b8150a21bfcb3b4e2d445f7dfa9f7.php 第 255 行.
INFO: Run Behavior\ParseTemplateBehavior [ RunTime:0.025000s ]
INFO: [ view_parse ] --END-- [ RunTime:0.025000s ]
INFO: [ view_filter ] --START--
INFO: Run Behavior\WriteHtmlCacheBehavior [ RunTime:0.001000s ]
INFO: [ view_filter ] --END-- [ RunTime:0.001000s ]
INFO: [ app_end ] --START--
INFO: Run Behavior\ShowPageTraceBehavior [ RunTime:0.001000s ]
INFO: [ app_end ] --END-- [ RunTime:0.002000s ]

[ 2017-09-23T21:16:40+08:00 ] ::1 /monitor/index.php/Admin/Pcontrol/index/oid/1/mid/skin/default/skin.css
INFO: [ app_init ] --START--
INFO: Run Behavior\BuildLiteBehavior [ RunTime:0.000000s ]
INFO: [ app_init ] --END-- [ RunTime:0.001000s ]
INFO: [ app_begin ] --START--
INFO: Run Behavior\ReadHtmlCacheBehavior [ RunTime:0.000000s ]
INFO: [ app_begin ] --END-- [ RunTime:0.000000s ]
SQL: SHOW COLUMNS FROM `qjdepts` [ RunTime:0.0140s ]
SQL: SELECT * FROM `qjdepts` ORDER BY id asc  [ RunTime:0.0010s ]
SQL: SHOW COLUMNS FROM `pcontrols` [ RunTime:0.0090s ]
SQL: SELECT `pflows`.`power`,`pcontrols`.id FROM `pcontrols` INNER JOIN pflows ON pflows.id=pcontrols.name  WHERE ( `pcontrols`.`oid`=1 and `pcontrols`.`mid`=1 ) ORDER BY `pcontrols`.`id` desc  [ RunTime:0.0010s ]
SQL: SELECT `pflows`.`power`,`pcontrols`.* FROM `pcontrols` INNER JOIN pflows ON pflows.id=pcontrols.name  WHERE ( `pcontrols`.`oid`=1 and `pcontrols`.`mid`=1 ) ORDER BY `pcontrols`.`id` desc LIMIT 0,1   [ RunTime:0.0010s ]
SQL: SELECT `pflows`.`power`,`pcontrols`.id FROM `pcontrols` INNER JOIN pflows ON pflows.id=pcontrols.name  WHERE ( `pcontrols`.`oid`=1 and `pcontrols`.`mid`=2 ) ORDER BY `pcontrols`.`id` desc  [ RunTime:0.0000s ]
SQL: SELECT `pflows`.`power`,`pcontrols`.* FROM `pcontrols` INNER JOIN pflows ON pflows.id=pcontrols.name  WHERE ( `pcontrols`.`oid`=1 and `pcontrols`.`mid`=2 ) ORDER BY `pcontrols`.`id` desc LIMIT 0,1   [ RunTime:0.0010s ]
SQL: SELECT `pflows`.`power`,`pcontrols`.id FROM `pcontrols` INNER JOIN pflows ON pflows.id=pcontrols.name  WHERE ( `pcontrols`.`oid`=1 and `pcontrols`.`mid`=3 ) ORDER BY `pcontrols`.`id` desc  [ RunTime:0.0000s ]
SQL: SELECT `pflows`.`power`,`pcontrols`.* FROM `pcontrols` INNER JOIN pflows ON pflows.id=pcontrols.name  WHERE ( `pcontrols`.`oid`=1 and `pcontrols`.`mid`=3 ) ORDER BY `pcontrols`.`id` desc LIMIT 0,1   [ RunTime:0.0010s ]
SQL: SELECT `pflows`.`power`,`pcontrols`.id FROM `pcontrols` INNER JOIN pflows ON pflows.id=pcontrols.name  WHERE ( `pcontrols`.`oid`=1 and `pcontrols`.`mid`=4 ) ORDER BY `pcontrols`.`id` desc  [ RunTime:0.0000s ]
SQL: SELECT `pflows`.`power`,`pcontrols`.* FROM `pcontrols` INNER JOIN pflows ON pflows.id=pcontrols.name  WHERE ( `pcontrols`.`oid`=1 and `pcontrols`.`mid`=4 ) ORDER BY `pcontrols`.`id` desc LIMIT 0,1   [ RunTime:0.0010s ]
SQL: SHOW COLUMNS FROM `cimportants` [ RunTime:0.0080s ]
ERR: 1054:Unknown column 'skin' in 'where clause'
 [ SQL语句 ] : SELECT * FROM `cimportants` WHERE ( oid=1 and mid=skin ) LIMIT 1  
ERR: 1054:Unknown column 'skin' in 'where clause'
 [ SQL语句 ] : SELECT * FROM `cimportants` WHERE ( oid=1 and mid=skin ) LIMIT 1  

[ 2017-09-23T21:23:36+08:00 ] ::1 /monitor/index.php/Admin/Pcontrol/index/oid/1/mid/1
INFO: [ app_init ] --START--
INFO: Run Behavior\BuildLiteBehavior [ RunTime:0.000000s ]
INFO: [ app_init ] --END-- [ RunTime:0.006000s ]
INFO: [ app_begin ] --START--
INFO: Run Behavior\ReadHtmlCacheBehavior [ RunTime:0.002000s ]
INFO: [ app_begin ] --END-- [ RunTime:0.002000s ]
SQL: SHOW COLUMNS FROM `qjdepts` [ RunTime:0.0570s ]
SQL: SELECT * FROM `qjdepts` ORDER BY id asc  [ RunTime:0.0010s ]
SQL: SHOW COLUMNS FROM `pcontrols` [ RunTime:0.0140s ]
SQL: SELECT `pflows`.`power`,`pcontrols`.id FROM `pcontrols` INNER JOIN pflows ON pflows.id=pcontrols.name  WHERE ( `pcontrols`.`oid`=1 and `pcontrols`.`mid`=1 ) ORDER BY `pcontrols`.`id` desc  [ RunTime:0.0010s ]
SQL: SELECT `pflows`.`power`,`pcontrols`.* FROM `pcontrols` INNER JOIN pflows ON pflows.id=pcontrols.name  WHERE ( `pcontrols`.`oid`=1 and `pcontrols`.`mid`=1 ) ORDER BY `pcontrols`.`id` desc LIMIT 0,1   [ RunTime:0.0000s ]
SQL: SELECT `pflows`.`power`,`pcontrols`.id FROM `pcontrols` INNER JOIN pflows ON pflows.id=pcontrols.name  WHERE ( `pcontrols`.`oid`=1 and `pcontrols`.`mid`=2 ) ORDER BY `pcontrols`.`id` desc  [ RunTime:0.0000s ]
SQL: SELECT `pflows`.`power`,`pcontrols`.* FROM `pcontrols` INNER JOIN pflows ON pflows.id=pcontrols.name  WHERE ( `pcontrols`.`oid`=1 and `pcontrols`.`mid`=2 ) ORDER BY `pcontrols`.`id` desc LIMIT 0,1   [ RunTime:0.0000s ]
SQL: SELECT `pflows`.`power`,`pcontrols`.id FROM `pcontrols` INNER JOIN pflows ON pflows.id=pcontrols.name  WHERE ( `pcontrols`.`oid`=1 and `pcontrols`.`mid`=3 ) ORDER BY `pcontrols`.`id` desc  [ RunTime:0.0010s ]
SQL: SELECT `pflows`.`power`,`pcontrols`.* FROM `pcontrols` INNER JOIN pflows ON pflows.id=pcontrols.name  WHERE ( `pcontrols`.`oid`=1 and `pcontrols`.`mid`=3 ) ORDER BY `pcontrols`.`id` desc LIMIT 0,1   [ RunTime:0.0000s ]
SQL: SELECT `pflows`.`power`,`pcontrols`.id FROM `pcontrols` INNER JOIN pflows ON pflows.id=pcontrols.name  WHERE ( `pcontrols`.`oid`=1 and `pcontrols`.`mid`=4 ) ORDER BY `pcontrols`.`id` desc  [ RunTime:0.0000s ]
SQL: SELECT `pflows`.`power`,`pcontrols`.* FROM `pcontrols` INNER JOIN pflows ON pflows.id=pcontrols.name  WHERE ( `pcontrols`.`oid`=1 and `pcontrols`.`mid`=4 ) ORDER BY `pcontrols`.`id` desc LIMIT 0,1   [ RunTime:0.0010s ]
SQL: SHOW COLUMNS FROM `cimportants` [ RunTime:0.0080s ]
SQL: SELECT * FROM `cimportants` WHERE ( oid=1 and mid=1 ) LIMIT 1   [ RunTime:0.0000s ]
SQL: SHOW COLUMNS FROM `pflows` [ RunTime:0.0080s ]
SQL: SELECT `id`,`power` FROM `pflows` WHERE `id` = 1 LIMIT 1   [ RunTime:0.0010s ]
SQL: SELECT `id`,`power` FROM `pflows` WHERE `id` = 3 LIMIT 1   [ RunTime:0.0000s ]
SQL: SHOW COLUMNS FROM `tmodels` [ RunTime:0.0080s ]
SQL: SELECT * FROM `tmodels` WHERE ( iid=1 ) LIMIT 1   [ RunTime:0.0000s ]
SQL: SHOW COLUMNS FROM `progressing1` [ RunTime:0.0050s ]
SQL: SELECT * FROM `progressing1`  [ RunTime:0.0010s ]
SQL: SHOW COLUMNS FROM `progressing1` [ RunTime:0.0050s ]
SQL: show full fields from progressing1 [ RunTime:0.0060s ]
INFO: [ view_parse ] --START--
INFO: [ template_filter ] --START--
INFO: Run Behavior\ContentReplaceBehavior [ RunTime:0.001000s ]
INFO: [ template_filter ] --END-- [ RunTime:0.001000s ]
NOTIC: [8] Undefined variable: addTable E:\phpStudy\WWW\monitor\Application\Runtime\Cache\Admin\180b8150a21bfcb3b4e2d445f7dfa9f7.php 第 112 行.
NOTIC: [8] Undefined variable: editTable E:\phpStudy\WWW\monitor\Application\Runtime\Cache\Admin\180b8150a21bfcb3b4e2d445f7dfa9f7.php 第 113 行.
NOTIC: [8] Undefined variable: addTable E:\phpStudy\WWW\monitor\Application\Runtime\Cache\Admin\180b8150a21bfcb3b4e2d445f7dfa9f7.php 第 115 行.
NOTIC: [8] Undefined offset: 4 E:\phpStudy\WWW\monitor\Application\Runtime\Cache\Admin\180b8150a21bfcb3b4e2d445f7dfa9f7.php 第 146 行.
NOTIC: [8] Undefined offset: 4 E:\phpStudy\WWW\monitor\Application\Runtime\Cache\Admin\180b8150a21bfcb3b4e2d445f7dfa9f7.php 第 146 行.
NOTIC: [8] Undefined offset: 4 E:\phpStudy\WWW\monitor\Application\Runtime\Cache\Admin\180b8150a21bfcb3b4e2d445f7dfa9f7.php 第 146 行.
NOTIC: [8] Undefined offset: 0 E:\phpStudy\WWW\monitor\Application\Runtime\Cache\Admin\180b8150a21bfcb3b4e2d445f7dfa9f7.php 第 177 行.
NOTIC: [8] Undefined offset: 0 E:\phpStudy\WWW\monitor\Application\Runtime\Cache\Admin\180b8150a21bfcb3b4e2d445f7dfa9f7.php 第 181 行.
NOTIC: [8] Undefined offset: 0 E:\phpStudy\WWW\monitor\Application\Runtime\Cache\Admin\180b8150a21bfcb3b4e2d445f7dfa9f7.php 第 185 行.
NOTIC: [8] Undefined offset: 0 E:\phpStudy\WWW\monitor\Application\Runtime\Cache\Admin\180b8150a21bfcb3b4e2d445f7dfa9f7.php 第 189 行.
NOTIC: [8] Undefined offset: 0 E:\phpStudy\WWW\monitor\Application\Runtime\Cache\Admin\180b8150a21bfcb3b4e2d445f7dfa9f7.php 第 210 行.
NOTIC: [8] Undefined offset: 0 E:\phpStudy\WWW\monitor\Application\Runtime\Cache\Admin\180b8150a21bfcb3b4e2d445f7dfa9f7.php 第 214 行.
NOTIC: [8] Undefined offset: 0 E:\phpStudy\WWW\monitor\Application\Runtime\Cache\Admin\180b8150a21bfcb3b4e2d445f7dfa9f7.php 第 218 行.
NOTIC: [8] Undefined offset: 0 E:\phpStudy\WWW\monitor\Application\Runtime\Cache\Admin\180b8150a21bfcb3b4e2d445f7dfa9f7.php 第 222 行.
NOTIC: [8] Undefined offset: 0 E:\phpStudy\WWW\monitor\Application\Runtime\Cache\Admin\180b8150a21bfcb3b4e2d445f7dfa9f7.php 第 243 行.
NOTIC: [8] Undefined offset: 0 E:\phpStudy\WWW\monitor\Application\Runtime\Cache\Admin\180b8150a21bfcb3b4e2d445f7dfa9f7.php 第 247 行.
NOTIC: [8] Undefined offset: 0 E:\phpStudy\WWW\monitor\Application\Runtime\Cache\Admin\180b8150a21bfcb3b4e2d445f7dfa9f7.php 第 251 行.
NOTIC: [8] Undefined offset: 0 E:\phpStudy\WWW\monitor\Application\Runtime\Cache\Admin\180b8150a21bfcb3b4e2d445f7dfa9f7.php 第 255 行.
INFO: Run Behavior\ParseTemplateBehavior [ RunTime:0.029000s ]
INFO: [ view_parse ] --END-- [ RunTime:0.029000s ]
INFO: [ view_filter ] --START--
INFO: Run Behavior\WriteHtmlCacheBehavior [ RunTime:0.001000s ]
INFO: [ view_filter ] --END-- [ RunTime:0.001000s ]
INFO: [ app_end ] --START--
INFO: Run Behavior\ShowPageTraceBehavior [ RunTime:0.001000s ]
INFO: [ app_end ] --END-- [ RunTime:0.001000s ]

[ 2017-09-23T21:23:37+08:00 ] ::1 /monitor/index.php/Admin/Pcontrol/index/oid/1/mid/skin/default/skin.css
INFO: [ app_init ] --START--
INFO: Run Behavior\BuildLiteBehavior [ RunTime:0.000000s ]
INFO: [ app_init ] --END-- [ RunTime:0.001000s ]
INFO: [ app_begin ] --START--
INFO: Run Behavior\ReadHtmlCacheBehavior [ RunTime:0.000000s ]
INFO: [ app_begin ] --END-- [ RunTime:0.000000s ]
SQL: SHOW COLUMNS FROM `qjdepts` [ RunTime:0.0070s ]
SQL: SELECT * FROM `qjdepts` ORDER BY id asc  [ RunTime:0.0010s ]
SQL: SHOW COLUMNS FROM `pcontrols` [ RunTime:0.0060s ]
SQL: SELECT `pflows`.`power`,`pcontrols`.id FROM `pcontrols` INNER JOIN pflows ON pflows.id=pcontrols.name  WHERE ( `pcontrols`.`oid`=1 and `pcontrols`.`mid`=1 ) ORDER BY `pcontrols`.`id` desc  [ RunTime:0.0010s ]
SQL: SELECT `pflows`.`power`,`pcontrols`.* FROM `pcontrols` INNER JOIN pflows ON pflows.id=pcontrols.name  WHERE ( `pcontrols`.`oid`=1 and `pcontrols`.`mid`=1 ) ORDER BY `pcontrols`.`id` desc LIMIT 0,1   [ RunTime:0.0000s ]
SQL: SELECT `pflows`.`power`,`pcontrols`.id FROM `pcontrols` INNER JOIN pflows ON pflows.id=pcontrols.name  WHERE ( `pcontrols`.`oid`=1 and `pcontrols`.`mid`=2 ) ORDER BY `pcontrols`.`id` desc  [ RunTime:0.0010s ]
SQL: SELECT `pflows`.`power`,`pcontrols`.* FROM `pcontrols` INNER JOIN pflows ON pflows.id=pcontrols.name  WHERE ( `pcontrols`.`oid`=1 and `pcontrols`.`mid`=2 ) ORDER BY `pcontrols`.`id` desc LIMIT 0,1   [ RunTime:0.0010s ]
SQL: SELECT `pflows`.`power`,`pcontrols`.id FROM `pcontrols` INNER JOIN pflows ON pflows.id=pcontrols.name  WHERE ( `pcontrols`.`oid`=1 and `pcontrols`.`mid`=3 ) ORDER BY `pcontrols`.`id` desc  [ RunTime:0.0000s ]
SQL: SELECT `pflows`.`power`,`pcontrols`.* FROM `pcontrols` INNER JOIN pflows ON pflows.id=pcontrols.name  WHERE ( `pcontrols`.`oid`=1 and `pcontrols`.`mid`=3 ) ORDER BY `pcontrols`.`id` desc LIMIT 0,1   [ RunTime:0.0010s ]
SQL: SELECT `pflows`.`power`,`pcontrols`.id FROM `pcontrols` INNER JOIN pflows ON pflows.id=pcontrols.name  WHERE ( `pcontrols`.`oid`=1 and `pcontrols`.`mid`=4 ) ORDER BY `pcontrols`.`id` desc  [ RunTime:0.0000s ]
SQL: SELECT `pflows`.`power`,`pcontrols`.* FROM `pcontrols` INNER JOIN pflows ON pflows.id=pcontrols.name  WHERE ( `pcontrols`.`oid`=1 and `pcontrols`.`mid`=4 ) ORDER BY `pcontrols`.`id` desc LIMIT 0,1   [ RunTime:0.0010s ]
SQL: SHOW COLUMNS FROM `cimportants` [ RunTime:0.0060s ]
ERR: 1054:Unknown column 'skin' in 'where clause'
 [ SQL语句 ] : SELECT * FROM `cimportants` WHERE ( oid=1 and mid=skin ) LIMIT 1  
ERR: 1054:Unknown column 'skin' in 'where clause'
 [ SQL语句 ] : SELECT * FROM `cimportants` WHERE ( oid=1 and mid=skin ) LIMIT 1  

[ 2017-09-23T21:24:04+08:00 ] ::1 /monitor/index.php/Admin/Pcontrol/index/oid/1/mid/1
INFO: [ app_init ] --START--
INFO: Run Behavior\BuildLiteBehavior [ RunTime:0.000000s ]
INFO: [ app_init ] --END-- [ RunTime:0.001000s ]
INFO: [ app_begin ] --START--
INFO: Run Behavior\ReadHtmlCacheBehavior [ RunTime:0.001000s ]
INFO: [ app_begin ] --END-- [ RunTime:0.001000s ]
SQL: SHOW COLUMNS FROM `qjdepts` [ RunTime:0.0190s ]
SQL: SELECT * FROM `qjdepts` ORDER BY id asc  [ RunTime:0.0010s ]
SQL: SHOW COLUMNS FROM `pcontrols` [ RunTime:0.0140s ]
SQL: SELECT `pflows`.`power`,`pcontrols`.id FROM `pcontrols` INNER JOIN pflows ON pflows.id=pcontrols.name  WHERE ( `pcontrols`.`oid`=1 and `pcontrols`.`mid`=1 ) ORDER BY `pcontrols`.`id` desc  [ RunTime:0.0000s ]
SQL: SELECT `pflows`.`power`,`pcontrols`.* FROM `pcontrols` INNER JOIN pflows ON pflows.id=pcontrols.name  WHERE ( `pcontrols`.`oid`=1 and `pcontrols`.`mid`=1 ) ORDER BY `pcontrols`.`id` desc LIMIT 0,1   [ RunTime:0.0000s ]
SQL: SELECT `pflows`.`power`,`pcontrols`.id FROM `pcontrols` INNER JOIN pflows ON pflows.id=pcontrols.name  WHERE ( `pcontrols`.`oid`=1 and `pcontrols`.`mid`=2 ) ORDER BY `pcontrols`.`id` desc  [ RunTime:0.0010s ]
SQL: SELECT `pflows`.`power`,`pcontrols`.* FROM `pcontrols` INNER JOIN pflows ON pflows.id=pcontrols.name  WHERE ( `pcontrols`.`oid`=1 and `pcontrols`.`mid`=2 ) ORDER BY `pcontrols`.`id` desc LIMIT 0,1   [ RunTime:0.0010s ]
SQL: SELECT `pflows`.`power`,`pcontrols`.id FROM `pcontrols` INNER JOIN pflows ON pflows.id=pcontrols.name  WHERE ( `pcontrols`.`oid`=1 and `pcontrols`.`mid`=3 ) ORDER BY `pcontrols`.`id` desc  [ RunTime:0.0000s ]
SQL: SELECT `pflows`.`power`,`pcontrols`.* FROM `pcontrols` INNER JOIN pflows ON pflows.id=pcontrols.name  WHERE ( `pcontrols`.`oid`=1 and `pcontrols`.`mid`=3 ) ORDER BY `pcontrols`.`id` desc LIMIT 0,1   [ RunTime:0.0010s ]
SQL: SELECT `pflows`.`power`,`pcontrols`.id FROM `pcontrols` INNER JOIN pflows ON pflows.id=pcontrols.name  WHERE ( `pcontrols`.`oid`=1 and `pcontrols`.`mid`=4 ) ORDER BY `pcontrols`.`id` desc  [ RunTime:0.0000s ]
SQL: SELECT `pflows`.`power`,`pcontrols`.* FROM `pcontrols` INNER JOIN pflows ON pflows.id=pcontrols.name  WHERE ( `pcontrols`.`oid`=1 and `pcontrols`.`mid`=4 ) ORDER BY `pcontrols`.`id` desc LIMIT 0,1   [ RunTime:0.0010s ]
SQL: SHOW COLUMNS FROM `cimportants` [ RunTime:0.0080s ]
SQL: SELECT * FROM `cimportants` WHERE ( oid=1 and mid=1 ) LIMIT 1   [ RunTime:0.0010s ]
SQL: SHOW COLUMNS FROM `pflows` [ RunTime:0.0070s ]
SQL: SELECT `id`,`power` FROM `pflows` WHERE `id` = 1 LIMIT 1   [ RunTime:0.0000s ]
SQL: SELECT `id`,`power` FROM `pflows` WHERE `id` = 3 LIMIT 1   [ RunTime:0.0000s ]
SQL: SHOW COLUMNS FROM `tmodels` [ RunTime:0.0050s ]
SQL: SELECT * FROM `tmodels` WHERE ( iid=1 ) LIMIT 1   [ RunTime:0.0000s ]
SQL: SHOW COLUMNS FROM `progressing1` [ RunTime:0.0050s ]
SQL: SELECT * FROM `progressing1`  [ RunTime:0.0000s ]
SQL: SHOW COLUMNS FROM `progressing1` [ RunTime:0.0050s ]
SQL: show full fields from progressing1 [ RunTime:0.0060s ]
INFO: [ view_parse ] --START--
INFO: [ template_filter ] --START--
INFO: Run Behavior\ContentReplaceBehavior [ RunTime:0.000000s ]
INFO: [ template_filter ] --END-- [ RunTime:0.000000s ]
NOTIC: [8] Undefined variable: addTable E:\phpStudy\WWW\monitor\Application\Runtime\Cache\Admin\180b8150a21bfcb3b4e2d445f7dfa9f7.php 第 112 行.
NOTIC: [8] Undefined variable: editTable E:\phpStudy\WWW\monitor\Application\Runtime\Cache\Admin\180b8150a21bfcb3b4e2d445f7dfa9f7.php 第 113 行.
NOTIC: [8] Undefined variable: addTable E:\phpStudy\WWW\monitor\Application\Runtime\Cache\Admin\180b8150a21bfcb3b4e2d445f7dfa9f7.php 第 115 行.
NOTIC: [8] Undefined offset: 4 E:\phpStudy\WWW\monitor\Application\Runtime\Cache\Admin\180b8150a21bfcb3b4e2d445f7dfa9f7.php 第 146 行.
NOTIC: [8] Undefined offset: 4 E:\phpStudy\WWW\monitor\Application\Runtime\Cache\Admin\180b8150a21bfcb3b4e2d445f7dfa9f7.php 第 146 行.
NOTIC: [8] Undefined offset: 4 E:\phpStudy\WWW\monitor\Application\Runtime\Cache\Admin\180b8150a21bfcb3b4e2d445f7dfa9f7.php 第 146 行.
NOTIC: [8] Undefined offset: 0 E:\phpStudy\WWW\monitor\Application\Runtime\Cache\Admin\180b8150a21bfcb3b4e2d445f7dfa9f7.php 第 177 行.
NOTIC: [8] Undefined offset: 0 E:\phpStudy\WWW\monitor\Application\Runtime\Cache\Admin\180b8150a21bfcb3b4e2d445f7dfa9f7.php 第 181 行.
NOTIC: [8] Undefined offset: 0 E:\phpStudy\WWW\monitor\Application\Runtime\Cache\Admin\180b8150a21bfcb3b4e2d445f7dfa9f7.php 第 185 行.
NOTIC: [8] Undefined offset: 0 E:\phpStudy\WWW\monitor\Application\Runtime\Cache\Admin\180b8150a21bfcb3b4e2d445f7dfa9f7.php 第 189 行.
NOTIC: [8] Undefined offset: 0 E:\phpStudy\WWW\monitor\Application\Runtime\Cache\Admin\180b8150a21bfcb3b4e2d445f7dfa9f7.php 第 210 行.
NOTIC: [8] Undefined offset: 0 E:\phpStudy\WWW\monitor\Application\Runtime\Cache\Admin\180b8150a21bfcb3b4e2d445f7dfa9f7.php 第 214 行.
NOTIC: [8] Undefined offset: 0 E:\phpStudy\WWW\monitor\Application\Runtime\Cache\Admin\180b8150a21bfcb3b4e2d445f7dfa9f7.php 第 218 行.
NOTIC: [8] Undefined offset: 0 E:\phpStudy\WWW\monitor\Application\Runtime\Cache\Admin\180b8150a21bfcb3b4e2d445f7dfa9f7.php 第 222 行.
NOTIC: [8] Undefined offset: 0 E:\phpStudy\WWW\monitor\Application\Runtime\Cache\Admin\180b8150a21bfcb3b4e2d445f7dfa9f7.php 第 243 行.
NOTIC: [8] Undefined offset: 0 E:\phpStudy\WWW\monitor\Application\Runtime\Cache\Admin\180b8150a21bfcb3b4e2d445f7dfa9f7.php 第 247 行.
NOTIC: [8] Undefined offset: 0 E:\phpStudy\WWW\monitor\Application\Runtime\Cache\Admin\180b8150a21bfcb3b4e2d445f7dfa9f7.php 第 251 行.
NOTIC: [8] Undefined offset: 0 E:\phpStudy\WWW\monitor\Application\Runtime\Cache\Admin\180b8150a21bfcb3b4e2d445f7dfa9f7.php 第 255 行.
INFO: Run Behavior\ParseTemplateBehavior [ RunTime:0.019000s ]
INFO: [ view_parse ] --END-- [ RunTime:0.019000s ]
INFO: [ view_filter ] --START--
INFO: Run Behavior\WriteHtmlCacheBehavior [ RunTime:0.001000s ]
INFO: [ view_filter ] --END-- [ RunTime:0.001000s ]
INFO: [ app_end ] --START--
INFO: Run Behavior\ShowPageTraceBehavior [ RunTime:0.001000s ]
INFO: [ app_end ] --END-- [ RunTime:0.001000s ]

[ 2017-09-23T21:24:05+08:00 ] ::1 /monitor/index.php/Admin/Pcontrol/index/oid/1/mid/skin/default/skin.css
INFO: [ app_init ] --START--
INFO: Run Behavior\BuildLiteBehavior [ RunTime:0.000000s ]
INFO: [ app_init ] --END-- [ RunTime:0.000000s ]
INFO: [ app_begin ] --START--
INFO: Run Behavior\ReadHtmlCacheBehavior [ RunTime:0.001000s ]
INFO: [ app_begin ] --END-- [ RunTime:0.001000s ]
SQL: SHOW COLUMNS FROM `qjdepts` [ RunTime:0.0100s ]
SQL: SELECT * FROM `qjdepts` ORDER BY id asc  [ RunTime:0.0010s ]
SQL: SHOW COLUMNS FROM `pcontrols` [ RunTime:0.0070s ]
SQL: SELECT `pflows`.`power`,`pcontrols`.id FROM `pcontrols` INNER JOIN pflows ON pflows.id=pcontrols.name  WHERE ( `pcontrols`.`oid`=1 and `pcontrols`.`mid`=1 ) ORDER BY `pcontrols`.`id` desc  [ RunTime:0.0010s ]
SQL: SELECT `pflows`.`power`,`pcontrols`.* FROM `pcontrols` INNER JOIN pflows ON pflows.id=pcontrols.name  WHERE ( `pcontrols`.`oid`=1 and `pcontrols`.`mid`=1 ) ORDER BY `pcontrols`.`id` desc LIMIT 0,1   [ RunTime:0.0000s ]
SQL: SELECT `pflows`.`power`,`pcontrols`.id FROM `pcontrols` INNER JOIN pflows ON pflows.id=pcontrols.name  WHERE ( `pcontrols`.`oid`=1 and `pcontrols`.`mid`=2 ) ORDER BY `pcontrols`.`id` desc  [ RunTime:0.0010s ]
SQL: SELECT `pflows`.`power`,`pcontrols`.* FROM `pcontrols` INNER JOIN pflows ON pflows.id=pcontrols.name  WHERE ( `pcontrols`.`oid`=1 and `pcontrols`.`mid`=2 ) ORDER BY `pcontrols`.`id` desc LIMIT 0,1   [ RunTime:0.0000s ]
SQL: SELECT `pflows`.`power`,`pcontrols`.id FROM `pcontrols` INNER JOIN pflows ON pflows.id=pcontrols.name  WHERE ( `pcontrols`.`oid`=1 and `pcontrols`.`mid`=3 ) ORDER BY `pcontrols`.`id` desc  [ RunTime:0.0010s ]
SQL: SELECT `pflows`.`power`,`pcontrols`.* FROM `pcontrols` INNER JOIN pflows ON pflows.id=pcontrols.name  WHERE ( `pcontrols`.`oid`=1 and `pcontrols`.`mid`=3 ) ORDER BY `pcontrols`.`id` desc LIMIT 0,1   [ RunTime:0.0010s ]
SQL: SELECT `pflows`.`power`,`pcontrols`.id FROM `pcontrols` INNER JOIN pflows ON pflows.id=pcontrols.name  WHERE ( `pcontrols`.`oid`=1 and `pcontrols`.`mid`=4 ) ORDER BY `pcontrols`.`id` desc  [ RunTime:0.0000s ]
SQL: SELECT `pflows`.`power`,`pcontrols`.* FROM `pcontrols` INNER JOIN pflows ON pflows.id=pcontrols.name  WHERE ( `pcontrols`.`oid`=1 and `pcontrols`.`mid`=4 ) ORDER BY `pcontrols`.`id` desc LIMIT 0,1   [ RunTime:0.0010s ]
SQL: SHOW COLUMNS FROM `cimportants` [ RunTime:0.0080s ]
ERR: 1054:Unknown column 'skin' in 'where clause'
 [ SQL语句 ] : SELECT * FROM `cimportants` WHERE ( oid=1 and mid=skin ) LIMIT 1  
ERR: 1054:Unknown column 'skin' in 'where clause'
 [ SQL语句 ] : SELECT * FROM `cimportants` WHERE ( oid=1 and mid=skin ) LIMIT 1  

[ 2017-09-23T21:27:19+08:00 ] ::1 /monitor/index.php/Admin/Qjdept/index/oid/1
INFO: [ app_init ] --START--
INFO: Run Behavior\BuildLiteBehavior [ RunTime:0.000000s ]
INFO: [ app_init ] --END-- [ RunTime:0.003000s ]
INFO: [ app_begin ] --START--
INFO: Run Behavior\ReadHtmlCacheBehavior [ RunTime:0.001000s ]
INFO: [ app_begin ] --END-- [ RunTime:0.002000s ]
SQL: SHOW COLUMNS FROM `qjdepts` [ RunTime:0.0270s ]
SQL: SELECT * FROM `qjdepts` ORDER BY id asc  [ RunTime:0.0010s ]
INFO: [ view_parse ] --START--
INFO: [ template_filter ] --START--
INFO: Run Behavior\ContentReplaceBehavior [ RunTime:0.001000s ]
INFO: [ template_filter ] --END-- [ RunTime:0.001000s ]
INFO: Run Behavior\ParseTemplateBehavior [ RunTime:0.029000s ]
INFO: [ view_parse ] --END-- [ RunTime:0.029000s ]
INFO: [ view_filter ] --START--
INFO: Run Behavior\WriteHtmlCacheBehavior [ RunTime:0.001000s ]
INFO: [ view_filter ] --END-- [ RunTime:0.001000s ]
INFO: [ app_end ] --START--
INFO: Run Behavior\ShowPageTraceBehavior [ RunTime:0.001000s ]
INFO: [ app_end ] --END-- [ RunTime:0.001000s ]

[ 2017-09-23T21:27:20+08:00 ] ::1 /monitor/index.php/Admin/Qjdept/index/oid/1
INFO: [ app_init ] --START--
INFO: Run Behavior\BuildLiteBehavior [ RunTime:0.000000s ]
INFO: [ app_init ] --END-- [ RunTime:0.003000s ]
INFO: [ app_begin ] --START--
INFO: Run Behavior\ReadHtmlCacheBehavior [ RunTime:0.001000s ]
INFO: [ app_begin ] --END-- [ RunTime:0.001000s ]
SQL: SHOW COLUMNS FROM `qjdepts` [ RunTime:0.0190s ]
SQL: SELECT * FROM `qjdepts` ORDER BY id asc  [ RunTime:0.0010s ]
INFO: [ view_parse ] --START--
INFO: [ template_filter ] --START--
INFO: Run Behavior\ContentReplaceBehavior [ RunTime:0.000000s ]
INFO: [ template_filter ] --END-- [ RunTime:0.000000s ]
INFO: Run Behavior\ParseTemplateBehavior [ RunTime:0.019000s ]
INFO: [ view_parse ] --END-- [ RunTime:0.019000s ]
INFO: [ view_filter ] --START--
INFO: Run Behavior\WriteHtmlCacheBehavior [ RunTime:0.001000s ]
INFO: [ view_filter ] --END-- [ RunTime:0.001000s ]
INFO: [ app_end ] --START--
INFO: Run Behavior\ShowPageTraceBehavior [ RunTime:0.002000s ]
INFO: [ app_end ] --END-- [ RunTime:0.002000s ]

[ 2017-09-23T21:27:22+08:00 ] ::1 /monitor/index.php/Admin/Qjdept/index/oid/skin/default/skin.css
INFO: [ app_init ] --START--
INFO: Run Behavior\BuildLiteBehavior [ RunTime:0.000000s ]
INFO: [ app_init ] --END-- [ RunTime:0.000000s ]
INFO: [ app_begin ] --START--
INFO: Run Behavior\ReadHtmlCacheBehavior [ RunTime:0.001000s ]
INFO: [ app_begin ] --END-- [ RunTime:0.001000s ]
SQL: SHOW COLUMNS FROM `qjdepts` [ RunTime:0.0170s ]
SQL: SELECT * FROM `qjdepts` ORDER BY id asc  [ RunTime:0.0010s ]
INFO: [ view_parse ] --START--
INFO: [ template_filter ] --START--
INFO: Run Behavior\ContentReplaceBehavior [ RunTime:0.000000s ]
INFO: [ template_filter ] --END-- [ RunTime:0.000000s ]
INFO: Run Behavior\ParseTemplateBehavior [ RunTime:0.019000s ]
INFO: [ view_parse ] --END-- [ RunTime:0.019000s ]
INFO: [ view_filter ] --START--
INFO: Run Behavior\WriteHtmlCacheBehavior [ RunTime:0.001000s ]
INFO: [ view_filter ] --END-- [ RunTime:0.001000s ]
INFO: [ app_end ] --START--
INFO: Run Behavior\ShowPageTraceBehavior [ RunTime:0.001000s ]
INFO: [ app_end ] --END-- [ RunTime:0.001000s ]

