[ 2017-09-26T21:25:00+08:00 ] ::1 /monitor/Sjzxf
INFO: [ app_init ] --START--
INFO: Run Behavior\BuildLiteBehavior [ RunTime:0.000000s ]
INFO: [ app_init ] --END-- [ RunTime:0.000000s ]
INFO: [ app_begin ] --START--
INFO: Run Behavior\ReadHtmlCacheBehavior [ RunTime:0.001000s ]
INFO: [ app_begin ] --END-- [ RunTime:0.001000s ]
SQL: SHOW COLUMNS FROM `news` [ RunTime:0.0140s ]
SQL: SELECT * FROM `news` INNER JOIN news_c ON news_c.tid = news.id  ORDER BY news.id desc LIMIT 1   [ RunTime:0.0040s ]
INFO: [ view_parse ] --START--
INFO: [ template_filter ] --START--
INFO: Run Behavior\ContentReplaceBehavior [ RunTime:0.000000s ]
INFO: [ template_filter ] --END-- [ RunTime:0.000000s ]
NOTIC: [8] Undefined index: title E:\phpStudy\WWW\monitor\Application\Runtime\Cache\Sjzxf\6a2f10f932d9804d872029ae1a9f95b1.php 第 85 行.
NOTIC: [8] Undefined index: content E:\phpStudy\WWW\monitor\Application\Runtime\Cache\Sjzxf\6a2f10f932d9804d872029ae1a9f95b1.php 第 86 行.
INFO: Run Behavior\ParseTemplateBehavior [ RunTime:0.017000s ]
INFO: [ view_parse ] --END-- [ RunTime:0.018000s ]
INFO: [ view_filter ] --START--
INFO: Run Behavior\WriteHtmlCacheBehavior [ RunTime:0.000000s ]
INFO: [ view_filter ] --END-- [ RunTime:0.000000s ]
INFO: [ app_end ] --START--
INFO: Run Behavior\ShowPageTraceBehavior [ RunTime:0.001000s ]
INFO: [ app_end ] --END-- [ RunTime:0.001000s ]

[ 2017-09-26T21:25:21+08:00 ] ::1 /monitor/Sjzxf
INFO: [ app_init ] --START--
INFO: Run Behavior\BuildLiteBehavior [ RunTime:0.000000s ]
INFO: [ app_init ] --END-- [ RunTime:0.001000s ]
INFO: [ app_begin ] --START--
INFO: Run Behavior\ReadHtmlCacheBehavior [ RunTime:0.001000s ]
INFO: [ app_begin ] --END-- [ RunTime:0.001000s ]
SQL: SHOW COLUMNS FROM `news` [ RunTime:0.0130s ]
SQL: SELECT * FROM `news` INNER JOIN news_c ON news_c.tid = news.id  ORDER BY news.id desc LIMIT 1   [ RunTime:0.0020s ]
INFO: [ view_parse ] --START--
INFO: [ template_filter ] --START--
INFO: Run Behavior\ContentReplaceBehavior [ RunTime:0.000000s ]
INFO: [ template_filter ] --END-- [ RunTime:0.000000s ]
NOTIC: [8] Undefined index: title E:\phpStudy\WWW\monitor\Application\Runtime\Cache\Sjzxf\6a2f10f932d9804d872029ae1a9f95b1.php 第 85 行.
NOTIC: [8] Undefined index: content E:\phpStudy\WWW\monitor\Application\Runtime\Cache\Sjzxf\6a2f10f932d9804d872029ae1a9f95b1.php 第 86 行.
INFO: Run Behavior\ParseTemplateBehavior [ RunTime:0.026000s ]
INFO: [ view_parse ] --END-- [ RunTime:0.026000s ]
INFO: [ view_filter ] --START--
INFO: Run Behavior\WriteHtmlCacheBehavior [ RunTime:0.001000s ]
INFO: [ view_filter ] --END-- [ RunTime:0.001000s ]
INFO: [ app_end ] --START--
INFO: Run Behavior\ShowPageTraceBehavior [ RunTime:0.001000s ]
INFO: [ app_end ] --END-- [ RunTime:0.002000s ]

[ 2017-09-26T21:25:26+08:00 ] ::1 /monitor/index.php/Sjzxf/ztzr/ztzr.html
INFO: [ app_init ] --START--
INFO: Run Behavior\BuildLiteBehavior [ RunTime:0.000000s ]
INFO: [ app_init ] --END-- [ RunTime:0.000000s ]
INFO: [ app_begin ] --START--
INFO: Run Behavior\ReadHtmlCacheBehavior [ RunTime:0.001000s ]
INFO: [ app_begin ] --END-- [ RunTime:0.001000s ]
SQL: SHOW COLUMNS FROM `plists` [ RunTime:0.0300s ]
SQL: SELECT * FROM `plists` WHERE ( oid=1 )  [ RunTime:0.0040s ]
SQL: SHOW COLUMNS FROM `pitems` [ RunTime:0.0160s ]
SQL: SELECT * FROM `pitems` ORDER BY inputtime LIMIT 0,10   [ RunTime:0.0080s ]
SQL: SELECT COUNT(*) AS tp_count FROM `pitems` WHERE ( oid=1 ) LIMIT 1   [ RunTime:0.0060s ]
SQL: SELECT `starttime` FROM `pitems` WHERE ( oid=1 ) ORDER BY starttime desc  [ RunTime:0.0010s ]
SQL: SELECT `status`,`starttime` FROM `pitems` WHERE ( oid=1 and starttime>=1483200000 and starttime <= 1514735999 ) ORDER BY starttime desc  [ RunTime:0.0010s ]
NOTIC: [8] Undefined index: s1 E:\phpStudy\WWW\monitor\Application\Sjzxf\Controller\ZtzrController.class.php 第 80 行.
INFO: [ view_parse ] --START--
INFO: [ template_filter ] --START--
INFO: Run Behavior\ContentReplaceBehavior [ RunTime:0.001000s ]
INFO: [ template_filter ] --END-- [ RunTime:0.001000s ]
NOTIC: [8] Undefined index: s2 E:\phpStudy\WWW\monitor\Application\Runtime\Cache\Sjzxf\0ba39849a333761a21c76bfab513a626.php 第 403 行.
NOTIC: [8] Undefined index: s3 E:\phpStudy\WWW\monitor\Application\Runtime\Cache\Sjzxf\0ba39849a333761a21c76bfab513a626.php 第 404 行.
INFO: Run Behavior\ParseTemplateBehavior [ RunTime:0.043000s ]
INFO: [ view_parse ] --END-- [ RunTime:0.043000s ]
INFO: [ view_filter ] --START--
INFO: Run Behavior\WriteHtmlCacheBehavior [ RunTime:0.001000s ]
INFO: [ view_filter ] --END-- [ RunTime:0.001000s ]
INFO: [ app_end ] --START--
INFO: Run Behavior\ShowPageTraceBehavior [ RunTime:0.003000s ]
INFO: [ app_end ] --END-- [ RunTime:0.003000s ]

[ 2017-09-26T21:25:26+08:00 ] ::1 /monitor/index.php/Sjzxf/ztzr/images/lc.png
INFO: [ app_init ] --START--
INFO: Run Behavior\BuildLiteBehavior [ RunTime:0.000000s ]
INFO: [ app_init ] --END-- [ RunTime:0.000000s ]

[ 2017-09-26T21:26:37+08:00 ] ::1 /monitor/Sjzxf
INFO: [ app_init ] --START--
INFO: Run Behavior\BuildLiteBehavior [ RunTime:0.000000s ]
INFO: [ app_init ] --END-- [ RunTime:0.000000s ]
INFO: [ app_begin ] --START--
INFO: Run Behavior\ReadHtmlCacheBehavior [ RunTime:0.001000s ]
INFO: [ app_begin ] --END-- [ RunTime:0.001000s ]
ERR: SQLSTATE[HY000] [1049] Unknown database 'monitor3'

[ 2017-09-26T21:26:46+08:00 ] ::1 /monitor/Sjzxf
INFO: [ app_init ] --START--
INFO: Run Behavior\BuildLiteBehavior [ RunTime:0.000000s ]
INFO: [ app_init ] --END-- [ RunTime:0.000000s ]
INFO: [ app_begin ] --START--
INFO: Run Behavior\ReadHtmlCacheBehavior [ RunTime:0.002000s ]
INFO: [ app_begin ] --END-- [ RunTime:0.002000s ]
SQL: SHOW COLUMNS FROM `news` [ RunTime:0.0100s ]
SQL: SELECT * FROM `news` INNER JOIN news_c ON news_c.tid = news.id  ORDER BY news.id desc LIMIT 1   [ RunTime:0.0110s ]
INFO: [ view_parse ] --START--
INFO: [ template_filter ] --START--
INFO: Run Behavior\ContentReplaceBehavior [ RunTime:0.000000s ]
INFO: [ template_filter ] --END-- [ RunTime:0.000000s ]
INFO: Run Behavior\ParseTemplateBehavior [ RunTime:0.010000s ]
INFO: [ view_parse ] --END-- [ RunTime:0.010000s ]
INFO: [ view_filter ] --START--
INFO: Run Behavior\WriteHtmlCacheBehavior [ RunTime:0.001000s ]
INFO: [ view_filter ] --END-- [ RunTime:0.001000s ]
INFO: [ app_end ] --START--
INFO: Run Behavior\ShowPageTraceBehavior [ RunTime:0.001000s ]
INFO: [ app_end ] --END-- [ RunTime:0.001000s ]

[ 2017-09-26T21:26:48+08:00 ] ::1 /monitor/index.php/Sjzxf/ztzr/ztzr.html
INFO: [ app_init ] --START--
INFO: Run Behavior\BuildLiteBehavior [ RunTime:0.000000s ]
INFO: [ app_init ] --END-- [ RunTime:0.000000s ]
INFO: [ app_begin ] --START--
INFO: Run Behavior\ReadHtmlCacheBehavior [ RunTime:0.001000s ]
INFO: [ app_begin ] --END-- [ RunTime:0.001000s ]
SQL: SHOW COLUMNS FROM `plists` [ RunTime:0.0100s ]
SQL: SELECT * FROM `plists` WHERE ( oid=1 )  [ RunTime:0.0090s ]
SQL: SHOW COLUMNS FROM `pitems` [ RunTime:0.0080s ]
SQL: SELECT * FROM `pitems` ORDER BY inputtime LIMIT 0,10   [ RunTime:0.0050s ]
SQL: SELECT COUNT(*) AS tp_count FROM `pitems` WHERE ( oid=1 ) LIMIT 1   [ RunTime:0.0020s ]
SQL: SELECT `starttime` FROM `pitems` WHERE ( oid=1 ) ORDER BY starttime desc  [ RunTime:0.0030s ]
SQL: SELECT `status`,`starttime` FROM `pitems` WHERE ( oid=1 and starttime>=1483200000 and starttime <= 1514735999 ) ORDER BY starttime desc  [ RunTime:0.0090s ]
NOTIC: [8] Undefined index: s1 E:\phpStudy\WWW\monitor\Application\Sjzxf\Controller\ZtzrController.class.php 第 80 行.
NOTIC: [8] Undefined index: s2 E:\phpStudy\WWW\monitor\Application\Sjzxf\Controller\ZtzrController.class.php 第 82 行.
NOTIC: [8] Undefined index: s3 E:\phpStudy\WWW\monitor\Application\Sjzxf\Controller\ZtzrController.class.php 第 84 行.
INFO: [ view_parse ] --START--
INFO: [ template_filter ] --START--
INFO: Run Behavior\ContentReplaceBehavior [ RunTime:0.000000s ]
INFO: [ template_filter ] --END-- [ RunTime:0.000000s ]
INFO: Run Behavior\ParseTemplateBehavior [ RunTime:0.029000s ]
INFO: [ view_parse ] --END-- [ RunTime:0.029000s ]
INFO: [ view_filter ] --START--
INFO: Run Behavior\WriteHtmlCacheBehavior [ RunTime:0.001000s ]
INFO: [ view_filter ] --END-- [ RunTime:0.001000s ]
INFO: [ app_end ] --START--
INFO: Run Behavior\ShowPageTraceBehavior [ RunTime:0.003000s ]
INFO: [ app_end ] --END-- [ RunTime:0.003000s ]

[ 2017-09-26T21:26:48+08:00 ] ::1 /monitor/index.php/Sjzxf/ztzr/images/lc.png
INFO: [ app_init ] --START--
INFO: Run Behavior\BuildLiteBehavior [ RunTime:0.000000s ]
INFO: [ app_init ] --END-- [ RunTime:0.000000s ]

[ 2017-09-26T21:28:45+08:00 ] ::1 /monitor/index.php/Sjzxf/ztzr/ztzr.html
INFO: [ app_init ] --START--
INFO: Run Behavior\BuildLiteBehavior [ RunTime:0.000000s ]
INFO: [ app_init ] --END-- [ RunTime:0.001000s ]
INFO: [ app_begin ] --START--
INFO: Run Behavior\ReadHtmlCacheBehavior [ RunTime:0.003000s ]
INFO: [ app_begin ] --END-- [ RunTime:0.003000s ]
SQL: SHOW COLUMNS FROM `plists` [ RunTime:0.0170s ]
SQL: SELECT * FROM `plists` WHERE ( oid=1 )  [ RunTime:0.0230s ]
SQL: SHOW COLUMNS FROM `pitems` [ RunTime:0.0180s ]
SQL: SELECT * FROM `pitems` ORDER BY inputtime LIMIT 0,10   [ RunTime:0.0040s ]
SQL: SELECT COUNT(*) AS tp_count FROM `pitems` WHERE ( oid=1 ) LIMIT 1   [ RunTime:0.0110s ]
SQL: SELECT `starttime` FROM `pitems` WHERE ( oid=1 ) ORDER BY starttime desc  [ RunTime:0.0050s ]
SQL: SELECT `status`,`starttime` FROM `pitems` WHERE ( oid=1 and starttime>=1483200000 and starttime <= 1514735999 ) ORDER BY starttime desc  [ RunTime:0.0070s ]
NOTIC: [8] Undefined index: s1 E:\phpStudy\WWW\monitor\Application\Sjzxf\Controller\ZtzrController.class.php 第 80 行.
NOTIC: [8] Undefined index: s2 E:\phpStudy\WWW\monitor\Application\Sjzxf\Controller\ZtzrController.class.php 第 82 行.
NOTIC: [8] Undefined index: s3 E:\phpStudy\WWW\monitor\Application\Sjzxf\Controller\ZtzrController.class.php 第 84 行.
INFO: [ view_parse ] --START--
INFO: [ template_filter ] --START--
INFO: Run Behavior\ContentReplaceBehavior [ RunTime:0.000000s ]
INFO: [ template_filter ] --END-- [ RunTime:0.000000s ]
INFO: Run Behavior\ParseTemplateBehavior [ RunTime:0.014000s ]
INFO: [ view_parse ] --END-- [ RunTime:0.014000s ]
INFO: [ view_filter ] --START--
INFO: Run Behavior\WriteHtmlCacheBehavior [ RunTime:0.001000s ]
INFO: [ view_filter ] --END-- [ RunTime:0.001000s ]
INFO: [ app_end ] --START--
INFO: Run Behavior\ShowPageTraceBehavior [ RunTime:0.002000s ]
INFO: [ app_end ] --END-- [ RunTime:0.002000s ]

[ 2017-09-26T21:28:45+08:00 ] ::1 /monitor/index.php/Sjzxf/ztzr/images/lc.png
INFO: [ app_init ] --START--
INFO: Run Behavior\BuildLiteBehavior [ RunTime:0.000000s ]
INFO: [ app_init ] --END-- [ RunTime:0.000000s ]

[ 2017-09-26T21:34:05+08:00 ] ::1 /monitor/index.php/Sjzxf/ztzr/ztzr.html
INFO: [ app_init ] --START--
INFO: Run Behavior\BuildLiteBehavior [ RunTime:0.000000s ]
INFO: [ app_init ] --END-- [ RunTime:0.002000s ]
INFO: [ app_begin ] --START--
INFO: Run Behavior\ReadHtmlCacheBehavior [ RunTime:0.002000s ]
INFO: [ app_begin ] --END-- [ RunTime:0.002000s ]
SQL: SHOW COLUMNS FROM `plists` [ RunTime:0.0180s ]
SQL: SELECT * FROM `plists` WHERE ( oid=1 )  [ RunTime:0.0100s ]
SQL: SHOW COLUMNS FROM `pitems` [ RunTime:0.0120s ]
SQL: SELECT * FROM `pitems` ORDER BY inputtime LIMIT 0,10   [ RunTime:0.0130s ]
SQL: SELECT COUNT(*) AS tp_count FROM `pitems` WHERE ( oid=1 ) LIMIT 1   [ RunTime:0.0030s ]
SQL: SELECT `starttime` FROM `pitems` WHERE ( oid=1 ) ORDER BY starttime desc  [ RunTime:0.0020s ]
SQL: SELECT `status`,`starttime` FROM `pitems` WHERE ( oid=1 and starttime>=1483200000 and starttime <= 1514735999 ) ORDER BY starttime desc  [ RunTime:0.0050s ]
NOTIC: [8] Undefined index: s1 E:\phpStudy\WWW\monitor\Application\Sjzxf\Controller\ZtzrController.class.php 第 80 行.
NOTIC: [8] Undefined index: s2 E:\phpStudy\WWW\monitor\Application\Sjzxf\Controller\ZtzrController.class.php 第 82 行.
NOTIC: [8] Undefined index: s3 E:\phpStudy\WWW\monitor\Application\Sjzxf\Controller\ZtzrController.class.php 第 84 行.
INFO: [ view_parse ] --START--
INFO: [ template_filter ] --START--
INFO: Run Behavior\ContentReplaceBehavior [ RunTime:0.002000s ]
INFO: [ template_filter ] --END-- [ RunTime:0.002000s ]
INFO: Run Behavior\ParseTemplateBehavior [ RunTime:0.052000s ]
INFO: [ view_parse ] --END-- [ RunTime:0.052000s ]
INFO: [ view_filter ] --START--
INFO: Run Behavior\WriteHtmlCacheBehavior [ RunTime:0.002000s ]
INFO: [ view_filter ] --END-- [ RunTime:0.002000s ]
INFO: [ app_end ] --START--
INFO: Run Behavior\ShowPageTraceBehavior [ RunTime:0.002000s ]
INFO: [ app_end ] --END-- [ RunTime:0.002000s ]

[ 2017-09-26T21:34:05+08:00 ] ::1 /monitor/index.php/Sjzxf/ztzr/images/lc.png
INFO: [ app_init ] --START--
INFO: Run Behavior\BuildLiteBehavior [ RunTime:0.000000s ]
INFO: [ app_init ] --END-- [ RunTime:0.001000s ]

[ 2017-09-26T21:34:08+08:00 ] ::1 /monitor/index.php/Sjzxf/ztzr/ztzr.html
INFO: [ app_init ] --START--
INFO: Run Behavior\BuildLiteBehavior [ RunTime:0.000000s ]
INFO: [ app_init ] --END-- [ RunTime:0.001000s ]
INFO: [ app_begin ] --START--
INFO: Run Behavior\ReadHtmlCacheBehavior [ RunTime:0.001000s ]
INFO: [ app_begin ] --END-- [ RunTime:0.001000s ]
SQL: SHOW COLUMNS FROM `plists` [ RunTime:0.0120s ]
SQL: SELECT * FROM `plists` WHERE ( oid=1 )  [ RunTime:0.0110s ]
SQL: SHOW COLUMNS FROM `pitems` [ RunTime:0.0110s ]
SQL: SELECT * FROM `pitems` ORDER BY inputtime LIMIT 0,10   [ RunTime:0.0030s ]
SQL: SELECT COUNT(*) AS tp_count FROM `pitems` WHERE ( oid=1 ) LIMIT 1   [ RunTime:0.0020s ]
SQL: SELECT `starttime` FROM `pitems` WHERE ( oid=1 ) ORDER BY starttime desc  [ RunTime:0.0040s ]
SQL: SELECT `status`,`starttime` FROM `pitems` WHERE ( oid=1 and starttime>=1483200000 and starttime <= 1514735999 ) ORDER BY starttime desc  [ RunTime:0.0070s ]
NOTIC: [8] Undefined index: s1 E:\phpStudy\WWW\monitor\Application\Sjzxf\Controller\ZtzrController.class.php 第 80 行.
NOTIC: [8] Undefined index: s2 E:\phpStudy\WWW\monitor\Application\Sjzxf\Controller\ZtzrController.class.php 第 82 行.
NOTIC: [8] Undefined index: s3 E:\phpStudy\WWW\monitor\Application\Sjzxf\Controller\ZtzrController.class.php 第 84 行.
INFO: [ view_parse ] --START--
INFO: [ template_filter ] --START--
INFO: Run Behavior\ContentReplaceBehavior [ RunTime:0.001000s ]
INFO: [ template_filter ] --END-- [ RunTime:0.001000s ]
INFO: Run Behavior\ParseTemplateBehavior [ RunTime:0.013000s ]
INFO: [ view_parse ] --END-- [ RunTime:0.013000s ]
INFO: [ view_filter ] --START--
INFO: Run Behavior\WriteHtmlCacheBehavior [ RunTime:0.001000s ]
INFO: [ view_filter ] --END-- [ RunTime:0.001000s ]
INFO: [ app_end ] --START--
INFO: Run Behavior\ShowPageTraceBehavior [ RunTime:0.001000s ]
INFO: [ app_end ] --END-- [ RunTime:0.001000s ]

[ 2017-09-26T21:34:08+08:00 ] ::1 /monitor/index.php/Sjzxf/ztzr/images/lc.png
INFO: [ app_init ] --START--
INFO: Run Behavior\BuildLiteBehavior [ RunTime:0.000000s ]
INFO: [ app_init ] --END-- [ RunTime:0.001000s ]

[ 2017-09-26T21:34:09+08:00 ] ::1 /monitor/index.php/Sjzxf/ztzr/ztzr.html
INFO: [ app_init ] --START--
INFO: Run Behavior\BuildLiteBehavior [ RunTime:0.000000s ]
INFO: [ app_init ] --END-- [ RunTime:0.000000s ]
INFO: [ app_begin ] --START--
INFO: Run Behavior\ReadHtmlCacheBehavior [ RunTime:0.000000s ]
INFO: [ app_begin ] --END-- [ RunTime:0.000000s ]
SQL: SHOW COLUMNS FROM `plists` [ RunTime:0.0110s ]
SQL: SELECT * FROM `plists` WHERE ( oid=1 )  [ RunTime:0.0100s ]
SQL: SHOW COLUMNS FROM `pitems` [ RunTime:0.0080s ]
SQL: SELECT * FROM `pitems` ORDER BY inputtime LIMIT 0,10   [ RunTime:0.0040s ]
SQL: SELECT COUNT(*) AS tp_count FROM `pitems` WHERE ( oid=1 ) LIMIT 1   [ RunTime:0.0030s ]
SQL: SELECT `starttime` FROM `pitems` WHERE ( oid=1 ) ORDER BY starttime desc  [ RunTime:0.0020s ]
SQL: SELECT `status`,`starttime` FROM `pitems` WHERE ( oid=1 and starttime>=1483200000 and starttime <= 1514735999 ) ORDER BY starttime desc  [ RunTime:0.0040s ]
NOTIC: [8] Undefined index: s1 E:\phpStudy\WWW\monitor\Application\Sjzxf\Controller\ZtzrController.class.php 第 80 行.
NOTIC: [8] Undefined index: s2 E:\phpStudy\WWW\monitor\Application\Sjzxf\Controller\ZtzrController.class.php 第 82 行.
NOTIC: [8] Undefined index: s3 E:\phpStudy\WWW\monitor\Application\Sjzxf\Controller\ZtzrController.class.php 第 84 行.
INFO: [ view_parse ] --START--
INFO: [ template_filter ] --START--
INFO: Run Behavior\ContentReplaceBehavior [ RunTime:0.000000s ]
INFO: [ template_filter ] --END-- [ RunTime:0.000000s ]
INFO: Run Behavior\ParseTemplateBehavior [ RunTime:0.016000s ]
INFO: [ view_parse ] --END-- [ RunTime:0.016000s ]
INFO: [ view_filter ] --START--
INFO: Run Behavior\WriteHtmlCacheBehavior [ RunTime:0.000000s ]
INFO: [ view_filter ] --END-- [ RunTime:0.000000s ]
INFO: [ app_end ] --START--
INFO: Run Behavior\ShowPageTraceBehavior [ RunTime:0.001000s ]
INFO: [ app_end ] --END-- [ RunTime:0.001000s ]

[ 2017-09-26T21:34:09+08:00 ] ::1 /monitor/index.php/Sjzxf/ztzr/images/lc.png
INFO: [ app_init ] --START--
INFO: Run Behavior\BuildLiteBehavior [ RunTime:0.000000s ]
INFO: [ app_init ] --END-- [ RunTime:0.001000s ]

[ 2017-09-26T21:35:11+08:00 ] ::1 /monitor/index.php/Sjzxf/ztzr/ztzr.html
INFO: [ app_init ] --START--
INFO: Run Behavior\BuildLiteBehavior [ RunTime:0.000000s ]
INFO: [ app_init ] --END-- [ RunTime:0.001000s ]
INFO: [ app_begin ] --START--
INFO: Run Behavior\ReadHtmlCacheBehavior [ RunTime:0.002000s ]
INFO: [ app_begin ] --END-- [ RunTime:0.002000s ]
SQL: SHOW COLUMNS FROM `plists` [ RunTime:0.0110s ]
SQL: SELECT * FROM `plists` WHERE ( oid=1 )  [ RunTime:0.0080s ]
SQL: SHOW COLUMNS FROM `pitems` [ RunTime:0.0080s ]
SQL: SELECT * FROM `pitems` ORDER BY inputtime LIMIT 0,10   [ RunTime:0.0050s ]
SQL: SELECT COUNT(*) AS tp_count FROM `pitems` WHERE ( oid=1 ) LIMIT 1   [ RunTime:0.0060s ]
SQL: SELECT `starttime` FROM `pitems` WHERE ( oid=1 ) ORDER BY starttime desc  [ RunTime:0.0080s ]
SQL: SELECT `status`,`starttime` FROM `pitems` WHERE ( oid=1 and starttime>=1483200000 and starttime <= 1514735999 ) ORDER BY starttime desc  [ RunTime:0.0060s ]
NOTIC: [8] Undefined index: s1 E:\phpStudy\WWW\monitor\Application\Sjzxf\Controller\ZtzrController.class.php 第 80 行.
NOTIC: [8] Undefined index: s2 E:\phpStudy\WWW\monitor\Application\Sjzxf\Controller\ZtzrController.class.php 第 82 行.
NOTIC: [8] Undefined index: s3 E:\phpStudy\WWW\monitor\Application\Sjzxf\Controller\ZtzrController.class.php 第 84 行.
INFO: [ view_parse ] --START--
INFO: [ template_filter ] --START--
INFO: Run Behavior\ContentReplaceBehavior [ RunTime:0.000000s ]
INFO: [ template_filter ] --END-- [ RunTime:0.000000s ]
INFO: Run Behavior\ParseTemplateBehavior [ RunTime:0.015000s ]
INFO: [ view_parse ] --END-- [ RunTime:0.015000s ]
INFO: [ view_filter ] --START--
INFO: Run Behavior\WriteHtmlCacheBehavior [ RunTime:0.001000s ]
INFO: [ view_filter ] --END-- [ RunTime:0.001000s ]
INFO: [ app_end ] --START--
INFO: Run Behavior\ShowPageTraceBehavior [ RunTime:0.002000s ]
INFO: [ app_end ] --END-- [ RunTime:0.002000s ]

[ 2017-09-26T21:35:11+08:00 ] ::1 /monitor/index.php/Sjzxf/ztzr/images/lc.png
INFO: [ app_init ] --START--
INFO: Run Behavior\BuildLiteBehavior [ RunTime:0.000000s ]
INFO: [ app_init ] --END-- [ RunTime:0.001000s ]

[ 2017-09-26T21:35:11+08:00 ] ::1 /monitor/index.php/Sjzxf/ztzr/lib/Highcharts/4.1.7/js/highcharts.js
INFO: [ app_init ] --START--
INFO: Run Behavior\BuildLiteBehavior [ RunTime:0.000000s ]
INFO: [ app_init ] --END-- [ RunTime:0.000000s ]
INFO: [ app_begin ] --START--
INFO: Run Behavior\ReadHtmlCacheBehavior [ RunTime:0.002000s ]
INFO: [ app_begin ] --END-- [ RunTime:0.002000s ]
ERR: 非法操作:lib

[ 2017-09-26T21:35:11+08:00 ] ::1 /monitor/index.php/Sjzxf/ztzr/lib/Highcharts/4.1.7/js/modules/exporting.js
INFO: [ app_init ] --START--
INFO: Run Behavior\BuildLiteBehavior [ RunTime:0.000000s ]
INFO: [ app_init ] --END-- [ RunTime:0.000000s ]
INFO: [ app_begin ] --START--
INFO: Run Behavior\ReadHtmlCacheBehavior [ RunTime:0.001000s ]
INFO: [ app_begin ] --END-- [ RunTime:0.001000s ]
ERR: 非法操作:lib

[ 2017-09-26T21:35:13+08:00 ] ::1 /monitor/index.php/Sjzxf/ztzr/ztzr.html
INFO: [ app_init ] --START--
INFO: Run Behavior\BuildLiteBehavior [ RunTime:0.000000s ]
INFO: [ app_init ] --END-- [ RunTime:0.000000s ]
INFO: [ app_begin ] --START--
INFO: Run Behavior\ReadHtmlCacheBehavior [ RunTime:0.000000s ]
INFO: [ app_begin ] --END-- [ RunTime:0.000000s ]
SQL: SHOW COLUMNS FROM `plists` [ RunTime:0.0100s ]
SQL: SELECT * FROM `plists` WHERE ( oid=1 )  [ RunTime:0.0120s ]
SQL: SHOW COLUMNS FROM `pitems` [ RunTime:0.0110s ]
SQL: SELECT * FROM `pitems` ORDER BY inputtime LIMIT 0,10   [ RunTime:0.0090s ]
SQL: SELECT COUNT(*) AS tp_count FROM `pitems` WHERE ( oid=1 ) LIMIT 1   [ RunTime:0.0020s ]
SQL: SELECT `starttime` FROM `pitems` WHERE ( oid=1 ) ORDER BY starttime desc  [ RunTime:0.0060s ]
SQL: SELECT `status`,`starttime` FROM `pitems` WHERE ( oid=1 and starttime>=1483200000 and starttime <= 1514735999 ) ORDER BY starttime desc  [ RunTime:0.0040s ]
NOTIC: [8] Undefined index: s1 E:\phpStudy\WWW\monitor\Application\Sjzxf\Controller\ZtzrController.class.php 第 80 行.
NOTIC: [8] Undefined index: s2 E:\phpStudy\WWW\monitor\Application\Sjzxf\Controller\ZtzrController.class.php 第 82 行.
NOTIC: [8] Undefined index: s3 E:\phpStudy\WWW\monitor\Application\Sjzxf\Controller\ZtzrController.class.php 第 84 行.
INFO: [ view_parse ] --START--
INFO: [ template_filter ] --START--
INFO: Run Behavior\ContentReplaceBehavior [ RunTime:0.000000s ]
INFO: [ template_filter ] --END-- [ RunTime:0.000000s ]
INFO: Run Behavior\ParseTemplateBehavior [ RunTime:0.016000s ]
INFO: [ view_parse ] --END-- [ RunTime:0.016000s ]
INFO: [ view_filter ] --START--
INFO: Run Behavior\WriteHtmlCacheBehavior [ RunTime:0.001000s ]
INFO: [ view_filter ] --END-- [ RunTime:0.001000s ]
INFO: [ app_end ] --START--
INFO: Run Behavior\ShowPageTraceBehavior [ RunTime:0.001000s ]
INFO: [ app_end ] --END-- [ RunTime:0.001000s ]

[ 2017-09-26T21:35:13+08:00 ] ::1 /monitor/index.php/Sjzxf/ztzr/images/lc.png
INFO: [ app_init ] --START--
INFO: Run Behavior\BuildLiteBehavior [ RunTime:0.000000s ]
INFO: [ app_init ] --END-- [ RunTime:0.001000s ]

[ 2017-09-26T21:35:13+08:00 ] ::1 /monitor/index.php/Sjzxf/ztzr/lib/Highcharts/4.1.7/js/highcharts.js
INFO: [ app_init ] --START--
INFO: Run Behavior\BuildLiteBehavior [ RunTime:0.000000s ]
INFO: [ app_init ] --END-- [ RunTime:0.000000s ]
INFO: [ app_begin ] --START--
INFO: Run Behavior\ReadHtmlCacheBehavior [ RunTime:0.001000s ]
INFO: [ app_begin ] --END-- [ RunTime:0.001000s ]
ERR: 非法操作:lib

[ 2017-09-26T21:35:13+08:00 ] ::1 /monitor/index.php/Sjzxf/ztzr/lib/Highcharts/4.1.7/js/modules/exporting.js
INFO: [ app_init ] --START--
INFO: Run Behavior\BuildLiteBehavior [ RunTime:0.000000s ]
INFO: [ app_init ] --END-- [ RunTime:0.001000s ]
INFO: [ app_begin ] --START--
INFO: Run Behavior\ReadHtmlCacheBehavior [ RunTime:0.001000s ]
INFO: [ app_begin ] --END-- [ RunTime:0.001000s ]
ERR: 非法操作:lib

[ 2017-09-26T21:35:38+08:00 ] ::1 /monitor/index.php/Sjzxf/ztzr/ztzr.html
INFO: [ app_init ] --START--
INFO: Run Behavior\BuildLiteBehavior [ RunTime:0.000000s ]
INFO: [ app_init ] --END-- [ RunTime:0.000000s ]
INFO: [ app_begin ] --START--
INFO: Run Behavior\ReadHtmlCacheBehavior [ RunTime:0.001000s ]
INFO: [ app_begin ] --END-- [ RunTime:0.001000s ]
SQL: SHOW COLUMNS FROM `plists` [ RunTime:0.0140s ]
SQL: SELECT * FROM `plists` WHERE ( oid=1 )  [ RunTime:0.0170s ]
SQL: SHOW COLUMNS FROM `pitems` [ RunTime:0.0090s ]
SQL: SELECT * FROM `pitems` ORDER BY inputtime LIMIT 0,10   [ RunTime:0.0070s ]
SQL: SELECT COUNT(*) AS tp_count FROM `pitems` WHERE ( oid=1 ) LIMIT 1   [ RunTime:0.0030s ]
SQL: SELECT `starttime` FROM `pitems` WHERE ( oid=1 ) ORDER BY starttime desc  [ RunTime:0.0080s ]
SQL: SELECT `status`,`starttime` FROM `pitems` WHERE ( oid=1 and starttime>=1483200000 and starttime <= 1514735999 ) ORDER BY starttime desc  [ RunTime:0.0060s ]
NOTIC: [8] Undefined index: s1 E:\phpStudy\WWW\monitor\Application\Sjzxf\Controller\ZtzrController.class.php 第 80 行.
NOTIC: [8] Undefined index: s2 E:\phpStudy\WWW\monitor\Application\Sjzxf\Controller\ZtzrController.class.php 第 82 行.
NOTIC: [8] Undefined index: s3 E:\phpStudy\WWW\monitor\Application\Sjzxf\Controller\ZtzrController.class.php 第 84 行.
INFO: [ view_parse ] --START--
INFO: [ template_filter ] --START--
INFO: Run Behavior\ContentReplaceBehavior [ RunTime:0.000000s ]
INFO: [ template_filter ] --END-- [ RunTime:0.000000s ]
INFO: Run Behavior\ParseTemplateBehavior [ RunTime:0.025000s ]
INFO: [ view_parse ] --END-- [ RunTime:0.026000s ]
INFO: [ view_filter ] --START--
INFO: Run Behavior\WriteHtmlCacheBehavior [ RunTime:0.001000s ]
INFO: [ view_filter ] --END-- [ RunTime:0.001000s ]
INFO: [ app_end ] --START--
INFO: Run Behavior\ShowPageTraceBehavior [ RunTime:0.001000s ]
INFO: [ app_end ] --END-- [ RunTime:0.001000s ]

[ 2017-09-26T21:35:38+08:00 ] ::1 /monitor/index.php/Sjzxf/ztzr/images/lc.png
INFO: [ app_init ] --START--
INFO: Run Behavior\BuildLiteBehavior [ RunTime:0.000000s ]
INFO: [ app_init ] --END-- [ RunTime:0.001000s ]

[ 2017-09-26T21:35:38+08:00 ] ::1 /monitor/index.php/Sjzxf/ztzr/lib/Highcharts/4.1.7/js/highcharts.js
INFO: [ app_init ] --START--
INFO: Run Behavior\BuildLiteBehavior [ RunTime:0.000000s ]
INFO: [ app_init ] --END-- [ RunTime:0.000000s ]
INFO: [ app_begin ] --START--
INFO: Run Behavior\ReadHtmlCacheBehavior [ RunTime:0.001000s ]
INFO: [ app_begin ] --END-- [ RunTime:0.001000s ]
ERR: 非法操作:lib

[ 2017-09-26T21:35:38+08:00 ] ::1 /monitor/index.php/Sjzxf/ztzr/lib/Highcharts/4.1.7/js/modules/exporting.js
INFO: [ app_init ] --START--
INFO: Run Behavior\BuildLiteBehavior [ RunTime:0.000000s ]
INFO: [ app_init ] --END-- [ RunTime:0.001000s ]
INFO: [ app_begin ] --START--
INFO: Run Behavior\ReadHtmlCacheBehavior [ RunTime:0.002000s ]
INFO: [ app_begin ] --END-- [ RunTime:0.002000s ]
ERR: 非法操作:lib

[ 2017-09-26T21:35:59+08:00 ] ::1 /monitor/index.php/Sjzxf/ztzr/ztzr.html
INFO: [ app_init ] --START--
INFO: Run Behavior\BuildLiteBehavior [ RunTime:0.000000s ]
INFO: [ app_init ] --END-- [ RunTime:0.000000s ]
INFO: [ app_begin ] --START--
INFO: Run Behavior\ReadHtmlCacheBehavior [ RunTime:0.000000s ]
INFO: [ app_begin ] --END-- [ RunTime:0.000000s ]
SQL: SHOW COLUMNS FROM `plists` [ RunTime:0.0140s ]
SQL: SELECT * FROM `plists` WHERE ( oid=1 )  [ RunTime:0.0070s ]
SQL: SHOW COLUMNS FROM `pitems` [ RunTime:0.0080s ]
SQL: SELECT * FROM `pitems` ORDER BY inputtime LIMIT 0,10   [ RunTime:0.0040s ]
SQL: SELECT COUNT(*) AS tp_count FROM `pitems` WHERE ( oid=1 ) LIMIT 1   [ RunTime:0.0020s ]
SQL: SELECT `starttime` FROM `pitems` WHERE ( oid=1 ) ORDER BY starttime desc  [ RunTime:0.0030s ]
SQL: SELECT `status`,`starttime` FROM `pitems` WHERE ( oid=1 and starttime>=1483200000 and starttime <= 1514735999 ) ORDER BY starttime desc  [ RunTime:0.0040s ]
NOTIC: [8] Undefined index: s1 E:\phpStudy\WWW\monitor\Application\Sjzxf\Controller\ZtzrController.class.php 第 80 行.
NOTIC: [8] Undefined index: s2 E:\phpStudy\WWW\monitor\Application\Sjzxf\Controller\ZtzrController.class.php 第 82 行.
NOTIC: [8] Undefined index: s3 E:\phpStudy\WWW\monitor\Application\Sjzxf\Controller\ZtzrController.class.php 第 84 行.
INFO: [ view_parse ] --START--
INFO: [ template_filter ] --START--
INFO: Run Behavior\ContentReplaceBehavior [ RunTime:0.000000s ]
INFO: [ template_filter ] --END-- [ RunTime:0.001000s ]
INFO: Run Behavior\ParseTemplateBehavior [ RunTime:0.013000s ]
INFO: [ view_parse ] --END-- [ RunTime:0.013000s ]
INFO: [ view_filter ] --START--
INFO: Run Behavior\WriteHtmlCacheBehavior [ RunTime:0.000000s ]
INFO: [ view_filter ] --END-- [ RunTime:0.000000s ]
INFO: [ app_end ] --START--
INFO: Run Behavior\ShowPageTraceBehavior [ RunTime:0.000000s ]
INFO: [ app_end ] --END-- [ RunTime:0.000000s ]

[ 2017-09-26T21:35:59+08:00 ] ::1 /monitor/index.php/Sjzxf/ztzr/images/lc.png
INFO: [ app_init ] --START--
INFO: Run Behavior\BuildLiteBehavior [ RunTime:0.000000s ]
INFO: [ app_init ] --END-- [ RunTime:0.000000s ]

[ 2017-09-26T21:36:02+08:00 ] ::1 /monitor/index.php/Sjzxf/ztzr/ztzr.html
INFO: [ app_init ] --START--
INFO: Run Behavior\BuildLiteBehavior [ RunTime:0.000000s ]
INFO: [ app_init ] --END-- [ RunTime:0.001000s ]
INFO: [ app_begin ] --START--
INFO: Run Behavior\ReadHtmlCacheBehavior [ RunTime:0.001000s ]
INFO: [ app_begin ] --END-- [ RunTime:0.001000s ]
SQL: SHOW COLUMNS FROM `plists` [ RunTime:0.0110s ]
SQL: SELECT * FROM `plists` WHERE ( oid=1 )  [ RunTime:0.0150s ]
SQL: SHOW COLUMNS FROM `pitems` [ RunTime:0.0100s ]
SQL: SELECT * FROM `pitems` ORDER BY inputtime LIMIT 0,10   [ RunTime:0.0040s ]
SQL: SELECT COUNT(*) AS tp_count FROM `pitems` WHERE ( oid=1 ) LIMIT 1   [ RunTime:0.0050s ]
SQL: SELECT `starttime` FROM `pitems` WHERE ( oid=1 ) ORDER BY starttime desc  [ RunTime:0.0030s ]
SQL: SELECT `status`,`starttime` FROM `pitems` WHERE ( oid=1 and starttime>=1483200000 and starttime <= 1514735999 ) ORDER BY starttime desc  [ RunTime:0.0030s ]
NOTIC: [8] Undefined index: s1 E:\phpStudy\WWW\monitor\Application\Sjzxf\Controller\ZtzrController.class.php 第 80 行.
NOTIC: [8] Undefined index: s2 E:\phpStudy\WWW\monitor\Application\Sjzxf\Controller\ZtzrController.class.php 第 82 行.
NOTIC: [8] Undefined index: s3 E:\phpStudy\WWW\monitor\Application\Sjzxf\Controller\ZtzrController.class.php 第 84 行.
INFO: [ view_parse ] --START--
INFO: [ template_filter ] --START--
INFO: Run Behavior\ContentReplaceBehavior [ RunTime:0.000000s ]
INFO: [ template_filter ] --END-- [ RunTime:0.000000s ]
INFO: Run Behavior\ParseTemplateBehavior [ RunTime:0.012000s ]
INFO: [ view_parse ] --END-- [ RunTime:0.012000s ]
INFO: [ view_filter ] --START--
INFO: Run Behavior\WriteHtmlCacheBehavior [ RunTime:0.000000s ]
INFO: [ view_filter ] --END-- [ RunTime:0.001000s ]
INFO: [ app_end ] --START--
INFO: Run Behavior\ShowPageTraceBehavior [ RunTime:0.001000s ]
INFO: [ app_end ] --END-- [ RunTime:0.001000s ]

[ 2017-09-26T21:36:02+08:00 ] ::1 /monitor/index.php/Sjzxf/ztzr/images/lc.png
INFO: [ app_init ] --START--
INFO: Run Behavior\BuildLiteBehavior [ RunTime:0.000000s ]
INFO: [ app_init ] --END-- [ RunTime:0.000000s ]

[ 2017-09-26T21:37:44+08:00 ] ::1 /monitor/index.php/Sjzxf/ztzr/ztzr.html
INFO: [ app_init ] --START--
INFO: Run Behavior\BuildLiteBehavior [ RunTime:0.000000s ]
INFO: [ app_init ] --END-- [ RunTime:0.002000s ]
INFO: [ app_begin ] --START--
INFO: Run Behavior\ReadHtmlCacheBehavior [ RunTime:0.001000s ]
INFO: [ app_begin ] --END-- [ RunTime:0.001000s ]
SQL: SHOW COLUMNS FROM `plists` [ RunTime:0.0100s ]
SQL: SELECT * FROM `plists` WHERE ( oid=1 )  [ RunTime:0.0080s ]
SQL: SHOW COLUMNS FROM `pitems` [ RunTime:0.0150s ]
SQL: SELECT * FROM `pitems` ORDER BY inputtime LIMIT 0,10   [ RunTime:0.0040s ]
SQL: SELECT COUNT(*) AS tp_count FROM `pitems` WHERE ( oid=1 ) LIMIT 1   [ RunTime:0.0040s ]
SQL: SELECT `starttime` FROM `pitems` WHERE ( oid=1 ) ORDER BY starttime desc  [ RunTime:0.0030s ]
SQL: SELECT `status`,`starttime` FROM `pitems` WHERE ( oid=1 and starttime>=1483200000 and starttime <= 1514735999 ) ORDER BY starttime desc  [ RunTime:0.0030s ]
NOTIC: [8] Undefined index: s1 E:\phpStudy\WWW\monitor\Application\Sjzxf\Controller\ZtzrController.class.php 第 80 行.
NOTIC: [8] Undefined index: s2 E:\phpStudy\WWW\monitor\Application\Sjzxf\Controller\ZtzrController.class.php 第 82 行.
NOTIC: [8] Undefined index: s3 E:\phpStudy\WWW\monitor\Application\Sjzxf\Controller\ZtzrController.class.php 第 84 行.
INFO: [ view_parse ] --START--
INFO: [ template_filter ] --START--
INFO: Run Behavior\ContentReplaceBehavior [ RunTime:0.000000s ]
INFO: [ template_filter ] --END-- [ RunTime:0.000000s ]
INFO: Run Behavior\ParseTemplateBehavior [ RunTime:0.018000s ]
INFO: [ view_parse ] --END-- [ RunTime:0.018000s ]
INFO: [ view_filter ] --START--
INFO: Run Behavior\WriteHtmlCacheBehavior [ RunTime:0.001000s ]
INFO: [ view_filter ] --END-- [ RunTime:0.002000s ]
INFO: [ app_end ] --START--
INFO: Run Behavior\ShowPageTraceBehavior [ RunTime:0.001000s ]
INFO: [ app_end ] --END-- [ RunTime:0.001000s ]

[ 2017-09-26T21:37:44+08:00 ] ::1 /monitor/index.php/Sjzxf/ztzr/images/lc.png
INFO: [ app_init ] --START--
INFO: Run Behavior\BuildLiteBehavior [ RunTime:0.000000s ]
INFO: [ app_init ] --END-- [ RunTime:0.001000s ]

[ 2017-09-26T21:39:10+08:00 ] ::1 /monitor/Sjzxf
INFO: [ app_init ] --START--
INFO: Run Behavior\BuildLiteBehavior [ RunTime:0.000000s ]
INFO: [ app_init ] --END-- [ RunTime:0.003000s ]
INFO: [ app_begin ] --START--
INFO: Run Behavior\ReadHtmlCacheBehavior [ RunTime:0.002000s ]
INFO: [ app_begin ] --END-- [ RunTime:0.002000s ]
SQL: SHOW COLUMNS FROM `news` [ RunTime:0.0090s ]
SQL: SELECT * FROM `news` INNER JOIN news_c ON news_c.tid = news.id  ORDER BY news.id desc LIMIT 1   [ RunTime:0.0100s ]
INFO: [ view_parse ] --START--
INFO: [ template_filter ] --START--
INFO: Run Behavior\ContentReplaceBehavior [ RunTime:0.001000s ]
INFO: [ template_filter ] --END-- [ RunTime:0.001000s ]
INFO: Run Behavior\ParseTemplateBehavior [ RunTime:0.021000s ]
INFO: [ view_parse ] --END-- [ RunTime:0.021000s ]
INFO: [ view_filter ] --START--
INFO: Run Behavior\WriteHtmlCacheBehavior [ RunTime:0.001000s ]
INFO: [ view_filter ] --END-- [ RunTime:0.001000s ]
INFO: [ app_end ] --START--
INFO: Run Behavior\ShowPageTraceBehavior [ RunTime:0.001000s ]
INFO: [ app_end ] --END-- [ RunTime:0.001000s ]

[ 2017-09-26T21:39:13+08:00 ] ::1 /monitor/index.php/Sjzxf/ztzr/ztzr.html
INFO: [ app_init ] --START--
INFO: Run Behavior\BuildLiteBehavior [ RunTime:0.000000s ]
INFO: [ app_init ] --END-- [ RunTime:0.001000s ]
INFO: [ app_begin ] --START--
INFO: Run Behavior\ReadHtmlCacheBehavior [ RunTime:0.002000s ]
INFO: [ app_begin ] --END-- [ RunTime:0.002000s ]
SQL: SHOW COLUMNS FROM `plists` [ RunTime:0.0180s ]
SQL: SELECT * FROM `plists` WHERE ( oid=1 )  [ RunTime:0.0360s ]
SQL: SHOW COLUMNS FROM `pitems` [ RunTime:0.0110s ]
SQL: SELECT * FROM `pitems` ORDER BY inputtime LIMIT 0,10   [ RunTime:0.0090s ]
SQL: SELECT COUNT(*) AS tp_count FROM `pitems` WHERE ( oid=1 ) LIMIT 1   [ RunTime:0.0030s ]
SQL: SELECT `starttime` FROM `pitems` WHERE ( oid=1 ) ORDER BY starttime desc  [ RunTime:0.0030s ]
SQL: SELECT `status`,`starttime` FROM `pitems` WHERE ( oid=1 and starttime>=1483200000 and starttime <= 1514735999 ) ORDER BY starttime desc  [ RunTime:0.0030s ]
NOTIC: [8] Undefined index: s1 E:\phpStudy\WWW\monitor\Application\Sjzxf\Controller\ZtzrController.class.php 第 80 行.
NOTIC: [8] Undefined index: s2 E:\phpStudy\WWW\monitor\Application\Sjzxf\Controller\ZtzrController.class.php 第 82 行.
NOTIC: [8] Undefined index: s3 E:\phpStudy\WWW\monitor\Application\Sjzxf\Controller\ZtzrController.class.php 第 84 行.
INFO: [ view_parse ] --START--
INFO: [ template_filter ] --START--
INFO: Run Behavior\ContentReplaceBehavior [ RunTime:0.001000s ]
INFO: [ template_filter ] --END-- [ RunTime:0.001000s ]

[ 2017-09-26T21:39:30+08:00 ] ::1 /monitor/index.php/Sjzxf/ztzr/ztzr.html
INFO: [ app_init ] --START--
INFO: Run Behavior\BuildLiteBehavior [ RunTime:0.000000s ]
INFO: [ app_init ] --END-- [ RunTime:0.001000s ]
INFO: [ app_begin ] --START--
INFO: Run Behavior\ReadHtmlCacheBehavior [ RunTime:0.001000s ]
INFO: [ app_begin ] --END-- [ RunTime:0.001000s ]
SQL: SHOW COLUMNS FROM `plists` [ RunTime:0.0110s ]
SQL: SELECT * FROM `plists` WHERE ( oid=1 )  [ RunTime:0.0100s ]
SQL: SHOW COLUMNS FROM `pitems` [ RunTime:0.0090s ]
SQL: SELECT * FROM `pitems` ORDER BY inputtime LIMIT 0,10   [ RunTime:0.0090s ]
SQL: SELECT COUNT(*) AS tp_count FROM `pitems` WHERE ( oid=1 ) LIMIT 1   [ RunTime:0.0050s ]
SQL: SELECT `starttime` FROM `pitems` WHERE ( oid=1 ) ORDER BY starttime desc  [ RunTime:0.0070s ]
SQL: SELECT `status`,`starttime` FROM `pitems` WHERE ( oid=1 and starttime>=1483200000 and starttime <= 1514735999 ) ORDER BY starttime desc  [ RunTime:0.0060s ]
NOTIC: [8] Undefined index: s1 E:\phpStudy\WWW\monitor\Application\Sjzxf\Controller\ZtzrController.class.php 第 80 行.
NOTIC: [8] Undefined index: s2 E:\phpStudy\WWW\monitor\Application\Sjzxf\Controller\ZtzrController.class.php 第 82 行.
NOTIC: [8] Undefined index: s3 E:\phpStudy\WWW\monitor\Application\Sjzxf\Controller\ZtzrController.class.php 第 84 行.
INFO: [ view_parse ] --START--
INFO: [ template_filter ] --START--
INFO: Run Behavior\ContentReplaceBehavior [ RunTime:0.000000s ]
INFO: [ template_filter ] --END-- [ RunTime:0.000000s ]
INFO: Run Behavior\ParseTemplateBehavior [ RunTime:0.030000s ]
INFO: [ view_parse ] --END-- [ RunTime:0.030000s ]
INFO: [ view_filter ] --START--
INFO: Run Behavior\WriteHtmlCacheBehavior [ RunTime:0.001000s ]
INFO: [ view_filter ] --END-- [ RunTime:0.001000s ]
INFO: [ app_end ] --START--
INFO: Run Behavior\ShowPageTraceBehavior [ RunTime:0.003000s ]
INFO: [ app_end ] --END-- [ RunTime:0.003000s ]

[ 2017-09-26T21:39:30+08:00 ] ::1 /monitor/index.php/Sjzxf/ztzr/images/pen.png
INFO: [ app_init ] --START--
INFO: Run Behavior\BuildLiteBehavior [ RunTime:0.000000s ]
INFO: [ app_init ] --END-- [ RunTime:0.000000s ]

[ 2017-09-26T21:39:30+08:00 ] ::1 /monitor/index.php/Sjzxf/ztzr/images/eye1.ico
INFO: [ app_init ] --START--
INFO: Run Behavior\BuildLiteBehavior [ RunTime:0.000000s ]
INFO: [ app_init ] --END-- [ RunTime:0.001000s ]



[ 2017-09-26T21:39:30+08:00 ] ::1 /monitor/index.php/Sjzxf/ztzr/images/delete.png
INFO: [ app_init ] --START--
INFO: Run Behavior\BuildLiteBehavior [ RunTime:0.000000s ]
INFO: [ app_init ] --END-- [ RunTime:0.000000s ]

[ 2017-09-26T21:39:30+08:00 ] ::1 /monitor/index.php/Sjzxf/ztzr/images/yellowdot.png
INFO: [ app_init ] --START--
INFO: Run Behavior\BuildLiteBehavior [ RunTime:0.000000s ]
INFO: [ app_init ] --END-- [ RunTime:0.000000s ]

[ 2017-09-26T21:39:30+08:00 ] ::1 /monitor/index.php/Sjzxf/ztzr/images/reddot.png
INFO: [ app_init ] --START--
INFO: Run Behavior\BuildLiteBehavior [ RunTime:0.000000s ]
INFO: [ app_init ] --END-- [ RunTime:0.000000s ]

[ 2017-09-26T21:41:00+08:00 ] ::1 /monitor/index.php/Sjzxf/ztzr/ztzr.html
INFO: [ app_init ] --START--
INFO: Run Behavior\BuildLiteBehavior [ RunTime:0.000000s ]
INFO: [ app_init ] --END-- [ RunTime:0.001000s ]
INFO: [ app_begin ] --START--
INFO: Run Behavior\ReadHtmlCacheBehavior [ RunTime:0.001000s ]
INFO: [ app_begin ] --END-- [ RunTime:0.001000s ]
SQL: SHOW COLUMNS FROM `plists` [ RunTime:0.2740s ]
SQL: SELECT * FROM `plists` WHERE ( oid=1 )  [ RunTime:1.7700s ]
SQL: SHOW COLUMNS FROM `pitems` [ RunTime:0.3460s ]
SQL: SELECT * FROM `pitems` ORDER BY inputtime LIMIT 0,10   [ RunTime:0.2530s ]
SQL: SELECT COUNT(*) AS tp_count FROM `pitems` WHERE ( oid=1 ) LIMIT 1   [ RunTime:0.0870s ]
SQL: SELECT `starttime` FROM `pitems` WHERE ( oid=1 ) ORDER BY starttime desc  [ RunTime:0.0230s ]
SQL: SELECT `status`,`starttime` FROM `pitems` WHERE ( oid=1 and starttime>=1483200000 and starttime <= 1514735999 ) ORDER BY starttime desc  [ RunTime:0.0280s ]
NOTIC: [8] Undefined index: s1 E:\phpStudy\WWW\monitor\Application\Sjzxf\Controller\ZtzrController.class.php 第 80 行.
NOTIC: [8] Undefined index: s2 E:\phpStudy\WWW\monitor\Application\Sjzxf\Controller\ZtzrController.class.php 第 82 行.
NOTIC: [8] Undefined index: s3 E:\phpStudy\WWW\monitor\Application\Sjzxf\Controller\ZtzrController.class.php 第 84 行.
INFO: [ view_parse ] --START--
INFO: [ template_filter ] --START--
INFO: Run Behavior\ContentReplaceBehavior [ RunTime:0.000000s ]
INFO: [ template_filter ] --END-- [ RunTime:0.000000s ]
INFO: Run Behavior\ParseTemplateBehavior [ RunTime:0.013000s ]
INFO: [ view_parse ] --END-- [ RunTime:0.013000s ]
INFO: [ view_filter ] --START--
INFO: Run Behavior\WriteHtmlCacheBehavior [ RunTime:0.001000s ]
INFO: [ view_filter ] --END-- [ RunTime:0.001000s ]
INFO: [ app_end ] --START--
INFO: Run Behavior\ShowPageTraceBehavior [ RunTime:0.001000s ]
INFO: [ app_end ] --END-- [ RunTime:0.001000s ]

[ 2017-09-26T21:41:00+08:00 ] ::1 /monitor/index.php/Sjzxf/ztzr/images/pen.png
INFO: [ app_init ] --START--
INFO: Run Behavior\BuildLiteBehavior [ RunTime:0.000000s ]
INFO: [ app_init ] --END-- [ RunTime:0.001000s ]

[ 2017-09-26T21:41:00+08:00 ] ::1 /monitor/index.php/Sjzxf/ztzr/images/delete.png
INFO: [ app_init ] --START--
INFO: Run Behavior\BuildLiteBehavior [ RunTime:0.000000s ]
INFO: [ app_init ] --END-- [ RunTime:0.001000s ]

[ 2017-09-26T21:41:00+08:00 ] ::1 /monitor/index.php/Sjzxf/ztzr/images/yellowdot.png
INFO: [ app_init ] --START--
INFO: Run Behavior\BuildLiteBehavior [ RunTime:0.000000s ]
INFO: [ app_init ] --END-- [ RunTime:0.000000s ]

[ 2017-09-26T21:41:00+08:00 ] ::1 /monitor/index.php/Sjzxf/ztzr/images/eye3.ico
INFO: [ app_init ] --START--
INFO: Run Behavior\BuildLiteBehavior [ RunTime:0.000000s ]
INFO: [ app_init ] --END-- [ RunTime:0.001000s ]

[ 2017-09-26T21:41:00+08:00 ] ::1 /monitor/index.php/Sjzxf/ztzr/images/reddot.png
INFO: [ app_init ] --START--
INFO: Run Behavior\BuildLiteBehavior [ RunTime:0.000000s ]
INFO: [ app_init ] --END-- [ RunTime:0.001000s ]

[ 2017-09-26T21:41:00+08:00 ] ::1 /monitor/index.php/Sjzxf/ztzr/images/greendot.png
INFO: [ app_init ] --START--
INFO: Run Behavior\BuildLiteBehavior [ RunTime:0.000000s ]
INFO: [ app_init ] --END-- [ RunTime:0.000000s ]

[ 2017-09-26T21:41:00+08:00 ] ::1 /monitor/index.php/Sjzxf/ztzr/images/eye1.ico
INFO: [ app_init ] --START--
INFO: Run Behavior\BuildLiteBehavior [ RunTime:0.000000s ]
INFO: [ app_init ] --END-- [ RunTime:0.000000s ]

[ 2017-09-26T21:45:29+08:00 ] ::1 /monitor/index.php/Sjzxf/ztzr/ztzr.html
INFO: [ app_init ] --START--
INFO: Run Behavior\BuildLiteBehavior [ RunTime:0.000000s ]
INFO: [ app_init ] --END-- [ RunTime:0.004000s ]
INFO: [ app_begin ] --START--
INFO: Run Behavior\ReadHtmlCacheBehavior [ RunTime:0.001000s ]
INFO: [ app_begin ] --END-- [ RunTime:0.001000s ]
SQL: SHOW COLUMNS FROM `plists` [ RunTime:0.0130s ]
SQL: SELECT * FROM `plists` WHERE ( oid=1 )  [ RunTime:0.0080s ]
SQL: SHOW COLUMNS FROM `pitems` [ RunTime:0.0080s ]
SQL: SELECT * FROM `pitems` ORDER BY inputtime LIMIT 0,10   [ RunTime:0.0040s ]
SQL: SELECT COUNT(*) AS tp_count FROM `pitems` WHERE ( oid=1 ) LIMIT 1   [ RunTime:0.0040s ]
SQL: SELECT `starttime` FROM `pitems` WHERE ( oid=1 ) ORDER BY starttime desc  [ RunTime:0.0050s ]
SQL: SELECT `status`,`starttime` FROM `pitems` WHERE ( oid=1 and starttime>=1483200000 and starttime <= 1514735999 ) ORDER BY starttime desc  [ RunTime:0.0030s ]
NOTIC: [8] Undefined index: s1 E:\phpStudy\WWW\monitor\Application\Sjzxf\Controller\ZtzrController.class.php 第 80 行.
NOTIC: [8] Undefined index: s2 E:\phpStudy\WWW\monitor\Application\Sjzxf\Controller\ZtzrController.class.php 第 82 行.
NOTIC: [8] Undefined index: s3 E:\phpStudy\WWW\monitor\Application\Sjzxf\Controller\ZtzrController.class.php 第 84 行.
INFO: [ view_parse ] --START--
INFO: [ template_filter ] --START--
INFO: Run Behavior\ContentReplaceBehavior [ RunTime:0.001000s ]
INFO: [ template_filter ] --END-- [ RunTime:0.001000s ]
INFO: Run Behavior\ParseTemplateBehavior [ RunTime:0.021000s ]
INFO: [ view_parse ] --END-- [ RunTime:0.021000s ]
INFO: [ view_filter ] --START--
INFO: Run Behavior\WriteHtmlCacheBehavior [ RunTime:0.001000s ]
INFO: [ view_filter ] --END-- [ RunTime:0.001000s ]
INFO: [ app_end ] --START--
INFO: Run Behavior\ShowPageTraceBehavior [ RunTime:0.002000s ]
INFO: [ app_end ] --END-- [ RunTime:0.002000s ]

[ 2017-09-26T21:45:30+08:00 ] ::1 /monitor/index.php/Sjzxf/ztzr/images/pen.png
INFO: [ app_init ] --START--
INFO: Run Behavior\BuildLiteBehavior [ RunTime:0.000000s ]
INFO: [ app_init ] --END-- [ RunTime:0.001000s ]

[ 2017-09-26T21:45:31+08:00 ] ::1 /monitor/index.php/Sjzxf/ztzr/images/delete.png
INFO: [ app_init ] --START--
INFO: Run Behavior\BuildLiteBehavior [ RunTime:0.000000s ]
INFO: [ app_init ] --END-- [ RunTime:0.000000s ]

[ 2017-09-26T21:45:31+08:00 ] ::1 /monitor/index.php/Sjzxf/ztzr/images/greendot.png
INFO: [ app_init ] --START--
INFO: Run Behavior\BuildLiteBehavior [ RunTime:0.000000s ]
INFO: [ app_init ] --END-- [ RunTime:0.000000s ]

[ 2017-09-26T21:45:31+08:00 ] ::1 /monitor/index.php/Sjzxf/ztzr/images/eye1.ico
INFO: [ app_init ] --START--
INFO: Run Behavior\BuildLiteBehavior [ RunTime:0.000000s ]
INFO: [ app_init ] --END-- [ RunTime:0.000000s ]

[ 2017-09-26T21:45:31+08:00 ] ::1 /monitor/index.php/Sjzxf/ztzr/images/eye3.ico
INFO: [ app_init ] --START--
INFO: Run Behavior\BuildLiteBehavior [ RunTime:0.000000s ]
INFO: [ app_init ] --END-- [ RunTime:0.001000s ]

[ 2017-09-26T21:45:31+08:00 ] ::1 /monitor/index.php/Sjzxf/ztzr/images/yellowdot.png
INFO: [ app_init ] --START--
INFO: Run Behavior\BuildLiteBehavior [ RunTime:0.000000s ]
INFO: [ app_init ] --END-- [ RunTime:0.000000s ]

[ 2017-09-26T21:45:31+08:00 ] ::1 /monitor/index.php/Sjzxf/ztzr/images/reddot.png
INFO: [ app_init ] --START--
INFO: Run Behavior\BuildLiteBehavior [ RunTime:0.000000s ]
INFO: [ app_init ] --END-- [ RunTime:0.000000s ]

[ 2017-09-26T21:46:17+08:00 ] ::1 /monitor/index.php/Sjzxf/ztzr/ztzr.html
INFO: [ app_init ] --START--
INFO: Run Behavior\BuildLiteBehavior [ RunTime:0.000000s ]
INFO: [ app_init ] --END-- [ RunTime:0.000000s ]
INFO: [ app_begin ] --START--
INFO: Run Behavior\ReadHtmlCacheBehavior [ RunTime:0.002000s ]
INFO: [ app_begin ] --END-- [ RunTime:0.002000s ]
SQL: SHOW COLUMNS FROM `plists` [ RunTime:0.0530s ]
SQL: SELECT * FROM `plists` WHERE ( oid=1 )  [ RunTime:0.1960s ]
SQL: SHOW COLUMNS FROM `pitems` [ RunTime:0.0080s ]
SQL: SELECT * FROM `pitems` ORDER BY inputtime LIMIT 0,10   [ RunTime:0.2790s ]
SQL: SELECT COUNT(*) AS tp_count FROM `pitems` WHERE ( oid=1 ) LIMIT 1   [ RunTime:0.0810s ]
SQL: SELECT `starttime` FROM `pitems` WHERE ( oid=1 ) ORDER BY starttime desc  [ RunTime:0.0080s ]
SQL: SELECT `status`,`starttime` FROM `pitems` WHERE ( oid=1 and starttime>=1483200000 and starttime <= 1514735999 ) ORDER BY starttime desc  [ RunTime:0.0410s ]
NOTIC: [8] Undefined index: s1 E:\phpStudy\WWW\monitor\Application\Sjzxf\Controller\ZtzrController.class.php 第 80 行.
NOTIC: [8] Undefined index: s2 E:\phpStudy\WWW\monitor\Application\Sjzxf\Controller\ZtzrController.class.php 第 82 行.
NOTIC: [8] Undefined index: s3 E:\phpStudy\WWW\monitor\Application\Sjzxf\Controller\ZtzrController.class.php 第 84 行.
INFO: [ view_parse ] --START--
INFO: [ template_filter ] --START--
INFO: Run Behavior\ContentReplaceBehavior [ RunTime:0.000000s ]
INFO: [ template_filter ] --END-- [ RunTime:0.000000s ]
INFO: Run Behavior\ParseTemplateBehavior [ RunTime:0.037000s ]
INFO: [ view_parse ] --END-- [ RunTime:0.037000s ]
INFO: [ view_filter ] --START--
INFO: Run Behavior\WriteHtmlCacheBehavior [ RunTime:0.001000s ]
INFO: [ view_filter ] --END-- [ RunTime:0.001000s ]
INFO: [ app_end ] --START--
INFO: Run Behavior\ShowPageTraceBehavior [ RunTime:0.002000s ]
INFO: [ app_end ] --END-- [ RunTime:0.002000s ]

[ 2017-09-26T21:46:17+08:00 ] ::1 /monitor/index.php/Sjzxf/ztzr/images/pen.png
INFO: [ app_init ] --START--
INFO: Run Behavior\BuildLiteBehavior [ RunTime:0.000000s ]
INFO: [ app_init ] --END-- [ RunTime:0.001000s ]

[ 2017-09-26T21:46:17+08:00 ] ::1 /monitor/index.php/Sjzxf/ztzr/images/delete.png
INFO: [ app_init ] --START--
INFO: Run Behavior\BuildLiteBehavior [ RunTime:0.000000s ]
INFO: [ app_init ] --END-- [ RunTime:0.001000s ]

[ 2017-09-26T21:46:17+08:00 ] ::1 /monitor/index.php/Sjzxf/ztzr/images/greendot.png
INFO: [ app_init ] --START--
INFO: Run Behavior\BuildLiteBehavior [ RunTime:0.000000s ]
INFO: [ app_init ] --END-- [ RunTime:0.000000s ]

[ 2017-09-26T21:46:17+08:00 ] ::1 /monitor/index.php/Sjzxf/ztzr/images/reddot.png
INFO: [ app_init ] --START--
INFO: Run Behavior\BuildLiteBehavior [ RunTime:0.000000s ]
INFO: [ app_init ] --END-- [ RunTime:0.001000s ]

[ 2017-09-26T21:46:17+08:00 ] ::1 /monitor/index.php/Sjzxf/ztzr/images/yellowdot.png
INFO: [ app_init ] --START--
INFO: Run Behavior\BuildLiteBehavior [ RunTime:0.000000s ]
INFO: [ app_init ] --END-- [ RunTime:0.001000s ]

[ 2017-09-26T21:46:17+08:00 ] ::1 /monitor/index.php/Sjzxf/ztzr/images/eye1.ico
INFO: [ app_init ] --START--
INFO: Run Behavior\BuildLiteBehavior [ RunTime:0.000000s ]
INFO: [ app_init ] --END-- [ RunTime:0.006000s ]

[ 2017-09-26T21:46:17+08:00 ] ::1 /monitor/index.php/Sjzxf/ztzr/images/eye3.ico
INFO: [ app_init ] --START--
INFO: Run Behavior\BuildLiteBehavior [ RunTime:0.000000s ]
INFO: [ app_init ] --END-- [ RunTime:0.001000s ]

[ 2017-09-26T21:47:06+08:00 ] ::1 /monitor/index.php/Sjzxf/ztzr/ztzr.html
INFO: [ app_init ] --START--
INFO: Run Behavior\BuildLiteBehavior [ RunTime:0.000000s ]
INFO: [ app_init ] --END-- [ RunTime:0.001000s ]
INFO: [ app_begin ] --START--
INFO: Run Behavior\ReadHtmlCacheBehavior [ RunTime:0.001000s ]
INFO: [ app_begin ] --END-- [ RunTime:0.001000s ]
SQL: SHOW COLUMNS FROM `plists` [ RunTime:0.0260s ]
SQL: SELECT * FROM `plists` WHERE ( oid=1 )  [ RunTime:0.0470s ]
SQL: SHOW COLUMNS FROM `pitems` [ RunTime:0.0300s ]
SQL: SELECT * FROM `pitems` ORDER BY inputtime LIMIT 0,10   [ RunTime:0.0040s ]
SQL: SELECT COUNT(*) AS tp_count FROM `pitems` WHERE ( oid=1 ) LIMIT 1   [ RunTime:0.0080s ]
SQL: SELECT `starttime` FROM `pitems` WHERE ( oid=1 ) ORDER BY starttime desc  [ RunTime:0.0040s ]
SQL: SELECT `status`,`starttime` FROM `pitems` WHERE ( oid=1 and starttime>=1483200000 and starttime <= 1514735999 ) ORDER BY starttime desc  [ RunTime:0.0040s ]
NOTIC: [8] Undefined index: s1 E:\phpStudy\WWW\monitor\Application\Sjzxf\Controller\ZtzrController.class.php 第 80 行.
NOTIC: [8] Undefined index: s2 E:\phpStudy\WWW\monitor\Application\Sjzxf\Controller\ZtzrController.class.php 第 82 行.
NOTIC: [8] Undefined index: s3 E:\phpStudy\WWW\monitor\Application\Sjzxf\Controller\ZtzrController.class.php 第 84 行.
INFO: [ view_parse ] --START--
INFO: [ template_filter ] --START--
INFO: Run Behavior\ContentReplaceBehavior [ RunTime:0.000000s ]
INFO: [ template_filter ] --END-- [ RunTime:0.000000s ]
INFO: Run Behavior\ParseTemplateBehavior [ RunTime:0.046000s ]
INFO: [ view_parse ] --END-- [ RunTime:0.046000s ]
INFO: [ view_filter ] --START--
INFO: Run Behavior\WriteHtmlCacheBehavior [ RunTime:0.001000s ]
INFO: [ view_filter ] --END-- [ RunTime:0.001000s ]
INFO: [ app_end ] --START--
INFO: Run Behavior\ShowPageTraceBehavior [ RunTime:0.002000s ]
INFO: [ app_end ] --END-- [ RunTime:0.002000s ]

[ 2017-09-26T21:47:06+08:00 ] ::1 /monitor/index.php/Sjzxf/ztzr/images/lc.png
INFO: [ app_init ] --START--
INFO: Run Behavior\BuildLiteBehavior [ RunTime:0.000000s ]
INFO: [ app_init ] --END-- [ RunTime:0.002000s ]

[ 2017-09-26T22:17:47+08:00 ] ::1 /monitor/index.php/Sjzxf/ztzr/ztzr.html
INFO: [ app_init ] --START--
INFO: Run Behavior\BuildLiteBehavior [ RunTime:0.000000s ]
INFO: [ app_init ] --END-- [ RunTime:0.001000s ]
INFO: [ app_begin ] --START--
INFO: Run Behavior\ReadHtmlCacheBehavior [ RunTime:0.001000s ]
INFO: [ app_begin ] --END-- [ RunTime:0.001000s ]
SQL: SHOW COLUMNS FROM `plists` [ RunTime:0.0100s ]
SQL: SELECT * FROM `plists` WHERE ( oid=1 )  [ RunTime:0.0110s ]
SQL: SHOW COLUMNS FROM `pitems` [ RunTime:0.0080s ]
SQL: SELECT * FROM `pitems` ORDER BY inputtime LIMIT 0,10   [ RunTime:0.0040s ]
SQL: SELECT COUNT(*) AS tp_count FROM `pitems` WHERE ( oid=1 ) LIMIT 1   [ RunTime:0.0030s ]
SQL: SELECT `starttime` FROM `pitems` WHERE ( oid=1 ) ORDER BY starttime desc  [ RunTime:0.0060s ]
SQL: SELECT `status`,`starttime` FROM `pitems` WHERE ( oid=1 and starttime>=1483200000 and starttime <= 1514735999 ) ORDER BY starttime desc  [ RunTime:0.0140s ]
NOTIC: [8] Undefined index: s1 E:\phpStudy\WWW\monitor\Application\Sjzxf\Controller\ZtzrController.class.php 第 80 行.
NOTIC: [8] Undefined index: s2 E:\phpStudy\WWW\monitor\Application\Sjzxf\Controller\ZtzrController.class.php 第 82 行.
NOTIC: [8] Undefined index: s3 E:\phpStudy\WWW\monitor\Application\Sjzxf\Controller\ZtzrController.class.php 第 84 行.
INFO: [ view_parse ] --START--
INFO: [ template_filter ] --START--
INFO: Run Behavior\ContentReplaceBehavior [ RunTime:0.000000s ]
INFO: [ template_filter ] --END-- [ RunTime:0.001000s ]
INFO: Run Behavior\ParseTemplateBehavior [ RunTime:0.018000s ]
INFO: [ view_parse ] --END-- [ RunTime:0.018000s ]
INFO: [ view_filter ] --START--
INFO: Run Behavior\WriteHtmlCacheBehavior [ RunTime:0.001000s ]
INFO: [ view_filter ] --END-- [ RunTime:0.001000s ]
INFO: [ app_end ] --START--
INFO: Run Behavior\ShowPageTraceBehavior [ RunTime:0.002000s ]
INFO: [ app_end ] --END-- [ RunTime:0.002000s ]

[ 2017-09-26T22:17:47+08:00 ] ::1 /monitor/index.php/Sjzxf/ztzr/images/lc.png
INFO: [ app_init ] --START--
INFO: Run Behavior\BuildLiteBehavior [ RunTime:0.000000s ]
INFO: [ app_init ] --END-- [ RunTime:0.001000s ]

