[Fri Sep 22 20:51:02.173 2017] 0.017 sec [any/0/rel 0 (0,20)] [*] 网络搜索
[Fri Sep 22 21:05:05.886 2017] 0.003 sec [any/0/rel 0 (0,20)] [mysql] 测试
[Fri Sep 22 21:05:37.906 2017] 0.001 sec [any/0/rel 1 (0,20)] [mysql] 3
[Fri Sep 22 21:05:53.335 2017] 0.002 sec [any/0/rel 1 (0,20)] [mysql] 消防
[Fri Sep 22 21:07:50.427 2017] 0.003 sec [any/0/rel 1 (0,20)] [mysql] 调查
[Fri Sep 22 21:08:08.526 2017] 0.002 sec [any/0/rel 1 (0,20)] [mysql] 现场调查
[Fri Sep 22 21:11:19.251 2017] 0.004 sec [all/0/rel 1 (0,30)] [mysql] [--single-0-query--] 调查
[Fri Sep 22 21:12:08.957 2017] 0.002 sec [all/0/rel 1 (0,30)] [mysql] [--single-0-query--] 调查
[Fri Sep 22 21:13:25.428 2017] 0.003 sec [all/0/rel 1 (0,30)] [mysql] [--single-0-query--] 调查
[Fri Sep 22 21:16:21.126 2017] 0.002 sec [all/0/rel 1 (0,30)] [mysql] [--single-0-query--] 调查
[Fri Sep 22 21:18:37.832 2017] 0.003 sec [all/0/rel 1 (0,30)] [mysql] [--single-0-query--] 调查
[Fri Sep 22 21:22:37.667 2017] 0.002 sec [all/0/rel 1 (0,30)] [*] [--single-0-query--] 调查
[Fri Sep 22 21:22:55.602 2017] 0.001 sec [all/0/rel 1 (0,30)] [*] [--single-0-query--] 调查
[Fri Sep 22 21:27:29.968 2017] 0.003 sec [all/0/attr- 1 (0,30)] [*] [--single-0-query--] 调查
[Fri Sep 22 21:28:30.226 2017] 0.002 sec [all/0/attr- 0 (0,30)] [*] [--single-0-query--] 为了
[Fri Sep 22 21:28:45.772 2017] 0.002 sec [all/0/attr- 2 (0,30)] [*] [--single-0-query--] 为了
[Fri Sep 22 21:29:51.083 2017] 0.003 sec [all/0/attr- 2 (0,30)] [*] [--single-0-query--] 为了
[Fri Sep 22 21:32:19.567 2017] 0.002 sec [all/0/attr- 2 (0,30)] [*] [--single-0-query--] 为了
[Fri Sep 22 21:33:44.973 2017] 0.002 sec [all/0/attr- 2 (0,30)] [*] [--single-0-query--] 为了
[Fri Sep 22 21:34:02.641 2017] 0.003 sec [all/0/attr- 2 (0,30)] [*] [--single-0-query--] 为了
[Fri Sep 22 21:35:46.582 2017] 0.003 sec [all/0/attr- 2 (0,30)] [*] [--single-0-query--] 为了
[Fri Sep 22 21:36:08.728 2017] 0.004 sec [all/0/attr- 2 (0,30)] [*] [--single-0-query--] 为了
[Fri Sep 22 21:37:56.081 2017] 0.002 sec [all/0/attr- 2 (0,30)] [*] [--single-0-query--] 为了
[Fri Sep 22 21:38:49.066 2017] 0.002 sec [all/0/attr- 2 (0,30)] [*] 为了
[Fri Sep 22 21:38:54.726 2017] 0.003 sec [all/0/attr- 2 (0,30)] [*] 为了
[Fri Sep 22 21:40:11.790 2017] 0.002 sec [all/0/attr- 2 (0,20)] [*] 为了
[Fri Sep 22 21:41:57.552 2017] 0.002 sec [all/0/attr- 2 (0,30)] [*] 为了
[Fri Sep 22 21:44:33.718 2017] 0.001 sec [all/0/rel 2 (0,20)] [*] 为了
[Fri Sep 22 21:44:50.253 2017] 0.005 sec [any/0/attr- 2 (0,30)] [*] 为了
[Fri Sep 22 21:58:40.872 2017] 0.002 sec [all/0/ext 2 (0,30)] [*] 为了
[Fri Sep 22 22:13:59.928 2017] 0.002 sec [any/0/ext 2 (0,10)] [*] 为了
[Fri Sep 22 22:14:36.765 2017] 0.003 sec [any/0/ext 2 (0,10)] [*] 为了
[Fri Sep 22 22:17:52.908 2017] 0.001 sec [any/0/attr- 2 (0,10)] [*] 为了
[Fri Sep 22 22:18:15.565 2017] 0.003 sec [any/0/attr+ 2 (0,10)] [*] 为了
[Fri Sep 22 22:18:22.250 2017] 0.003 sec [any/0/attr+ 2 (0,10)] [*] 为了
[Fri Sep 22 22:20:58.140 2017] 0.003 sec [any/0/attr- 2 (0,10)] [*] 为了
[Fri Sep 22 22:21:52.121 2017] 0.002 sec [any/0/attr- 2 (0,10)] [*] 为了
[Fri Sep 22 22:22:25.509 2017] 0.002 sec [any/0/attr- 2 (0,10)] [*] 为了
[Fri Sep 22 22:23:19.000 2017] 0.004 sec [any/0/attr- 2 (0,10)] [*] 为了
[Fri Sep 22 22:24:09.529 2017] 0.002 sec [any/0/attr- 2 (0,10)] [*] 为了
[Fri Sep 22 22:26:16.588 2017] 0.003 sec [any/0/attr- 2 (0,10)] [*] 为了
[Fri Sep 22 22:26:49.637 2017] 0.002 sec [any/0/attr- 1 (0,10)] [*] 到达
[Fri Sep 22 22:27:10.342 2017] 0.003 sec [any/0/attr- 2 (0,10)] [*] 为了
[Fri Sep 22 22:27:46.609 2017] 0.003 sec [any/0/attr- 2 (0,10)] [*] 为了
[Fri Sep 22 22:28:35.738 2017] 0.003 sec [any/0/attr- 2 (0,10)] [*] 为了
[Fri Sep 22 22:29:56.458 2017] 0.003 sec [any/0/attr- 2 (0,10)] [*] 为了
[Fri Sep 22 22:30:20.450 2017] 0.002 sec [any/0/attr- 2 (0,10)] [*] 为了
[Fri Sep 22 22:30:52.348 2017] 0.001 sec [any/0/attr- 2 (0,10)] [*] 为了
[Fri Sep 22 22:31:03.994 2017] 0.001 sec [any/0/attr- 2 (0,10)] [*] 为了
[Fri Sep 22 22:35:30.283 2017] 0.006 sec [any/0/attr- 2 (0,10)] [*] 为了
[Fri Sep 22 22:35:48.870 2017] 0.002 sec [any/0/attr- 2 (0,10)] [*] 为了
[Fri Sep 22 22:36:29.074 2017] 0.003 sec [any/0/attr- 2 (0,10)] [*] 为了
[Fri Sep 22 22:37:44.676 2017] 0.004 sec [any/0/ext 2 (0,10)] [*] 为了
[Fri Sep 22 22:40:56.821 2017] 0.003 sec [any/0/ext 2 (0,10)] [*] 为了
[Fri Sep 22 22:41:03.380 2017] 0.003 sec [any/0/ext 2 (0,10)] [*] 为了
[Fri Sep 22 22:41:34.364 2017] 0.005 sec [any/0/ext 2 (0,10)] [*] 为了
[Fri Sep 22 22:42:08.605 2017] 0.002 sec [any/0/ext 2 (0,10)] [*] 为了
[Fri Sep 22 22:42:32.709 2017] 0.001 sec [any/0/attr- 2 (0,10)] [*] 为了
[Fri Sep 22 22:43:26.876 2017] 0.002 sec [any/0/attr- 2 (0,10)] [*] 为了
[Fri Sep 22 22:44:10.737 2017] 0.002 sec [any/0/ext 2 (0,10)] [*] 为了
[Fri Sep 22 22:45:34.621 2017] 0.003 sec [any/0/ext 2 (0,10)] [*] 为了
[Fri Sep 22 22:45:54.799 2017] 0.005 sec [any/0/ext 2 (0,10)] [*] 为了
[Fri Sep 22 22:46:47.919 2017] 0.003 sec [any/0/ext 2 (0,1)] [*] 为了
[Fri Sep 22 22:47:08.675 2017] 0.002 sec [any/0/ext 2 (0,10)] [*] 为了
[Fri Sep 22 22:48:59.774 2017] 0.002 sec [any/0/ext 2 (0,10)] [*] 为了
[Fri Sep 22 22:49:08.046 2017] 0.004 sec [any/0/ext 2 (0,10)] [*] 为了
[Fri Sep 22 22:49:28.063 2017] 0.002 sec [any/0/ext 2 (0,10)] [*] 为了
[Fri Sep 22 22:49:42.583 2017] 0.002 sec [any/0/ext 2 (0,1)] [*] 为了
[Fri Sep 22 22:50:06.148 2017] 0.003 sec [any/0/ext 2 (1,1)] [*] 为了
[Fri Sep 22 22:51:01.750 2017] 0.007 sec [any/0/ext 3 (0,1)] [*] 为了
[Fri Sep 22 22:51:17.837 2017] 0.002 sec [any/0/ext 3 (0,10)] [*] 为了
[Fri Sep 22 22:51:53.338 2017] 0.004 sec [any/0/ext 3 (0,1)] [*] 为了
[Fri Sep 22 22:52:48.441 2017] 0.002 sec [any/0/attr+ 3 (0,1)] [*] 为了
[Fri Sep 22 22:53:08.860 2017] 0.002 sec [any/0/attr- 3 (0,1)] [*] 为了
[Fri Sep 22 22:53:27.040 2017] 0.001 sec [any/0/ext 3 (0,1)] [*] 为了
[Fri Sep 22 22:54:18.235 2017] 0.003 sec [any/0/ext 3 (0,1)] [*] 为了
[Fri Sep 22 22:54:45.269 2017] 0.002 sec [any/0/ext 3 (0,1)] [*] 为了
[Fri Sep 22 22:54:51.052 2017] 0.002 sec [any/0/ext 3 (0,1)] [*] 为了
[Fri Sep 22 22:58:51.901 2017] 0.002 sec [any/0/ext 3 (0,1)] [*] 为了
[Fri Sep 22 22:59:05.598 2017] 0.003 sec [any/0/ext 3 (0,1)] [*] 为了
[Fri Sep 22 23:01:58.752 2017] 0.003 sec [any/0/ext 3 (0,1)] [*] 为了
[Fri Sep 22 23:20:24.769 2017] 0.003 sec [any/0/ext 3 (0,1)] [*] 为了
[Fri Sep 22 23:22:06.182 2017] 0.003 sec [any/0/ext 3 (0,1)] [*] 为了
[Fri Sep 22 23:23:18.851 2017] 0.003 sec [any/0/ext 3 (0,1)] [*] 为了
[Fri Sep 22 23:23:27.426 2017] 0.002 sec [any/0/ext 3 (0,1)] [*] 为了
[Fri Sep 22 23:24:27.441 2017] 0.005 sec [any/0/ext 3 (0,1)] [*] 为了
[Fri Sep 22 23:24:34.763 2017] 0.003 sec [any/0/ext 3 (0,1)] [*] 为了
[Fri Sep 22 23:38:29.101 2017] 0.001 sec [any/0/ext 3 (0,1)] [*] 为了
[Fri Sep 22 23:38:38.741 2017] 0.004 sec [any/0/ext 3 (0,1)] [*] 为了
[Fri Sep 22 23:50:11.269 2017] 0.002 sec [any/0/ext 3 (0,1)] [*] 为了
[Sat Sep 23 23:53:07.238 2017] 0.006 sec [any/0/ext 3 (0,1)] [*] 为了
[Sat Sep 23 23:53:53.934 2017] 0.003 sec [any/0/ext 3 (0,1)] [*] 为了
[Sat Sep 23 23:54:02.244 2017] 0.006 sec [any/0/ext 3 (0,1)] [*] 为了
[Sun Sep 24 00:00:58.424 2017] 0.001 sec [any/0/ext 5 (0,1)] [*] 为了
[Sun Sep 24 00:04:25.626 2017] 0.000 sec [any/0/ext 7 (0,1)] [*] 为了
[Sun Sep 24 00:06:22.462 2017] 0.002 sec [any/0/ext 7 (0,1)] [*] 为了
[Sun Sep 24 00:08:54.976 2017] 0.001 sec [any/0/ext 7 (0,1)] [*] 为了
[Sun Sep 24 00:11:30.208 2017] 0.004 sec [any/0/ext 7 (0,1)] [*] 为了
[Sun Sep 24 00:11:37.278 2017] 0.003 sec [any/0/ext 7 (0,1)] [*] 为了
[Sun Sep 24 00:11:46.149 2017] 0.001 sec [any/0/ext 7 (0,1)] [*] 为了
[Sun Sep 24 00:15:02.008 2017] 0.001 sec [any/0/ext 7 (0,1)] [*] 为了
[Sun Sep 24 00:23:31.662 2017] 0.003 sec [any/0/ext 7 (0,1)] [*] 为了
[Sun Sep 24 00:23:42.349 2017] 0.003 sec [any/0/ext 7 (0,1)] [*] 为了
[Sun Sep 24 00:23:48.735 2017] 0.002 sec [any/0/ext 7 (0,1)] [*] 为了
[Sun Sep 24 00:24:48.432 2017] 0.004 sec [any/0/ext 7 (0,1)] [*] 为了
[Sun Sep 24 00:24:57.176 2017] 0.007 sec [any/0/ext 7 (3,1)] [*] 为了
[Sun Sep 24 00:25:03.407 2017] 0.002 sec [any/0/ext 7 (5,1)] [*] 为了
[Sun Sep 24 00:25:05.550 2017] 0.002 sec [any/0/ext 7 (5,1)] [*] 为了
[Sun Sep 24 00:25:24.417 2017] 0.001 sec [any/0/ext 7 (0,1)] [*] 为了
[Sun Sep 24 00:25:30.930 2017] 0.004 sec [any/0/ext 7 (1,1)] [*] 为了
[Sun Sep 24 00:27:28.952 2017] 0.002 sec [any/0/ext 7 (1,1)] [*] 为了
[Sun Sep 24 00:27:39.225 2017] 0.002 sec [any/0/ext 7 (0,1)] [*] 为了
[Sun Sep 24 00:27:48.649 2017] 0.001 sec [any/0/ext 7 (6,1)] [*] 为了
[Sun Sep 24 00:28:09.515 2017] 0.001 sec [any/0/ext 7 (6,1)] [*] 为了
[Sun Sep 24 00:34:13.850 2017] 0.001 sec [any/0/ext 7 (6,1)] [*] 为了
[Sun Sep 24 00:34:25.650 2017] 0.002 sec [any/0/ext 7 (0,1)] [*] 为了
[Sun Sep 24 00:35:03.669 2017] 0.002 sec [any/0/ext 7 (0,1)] [*] 为了
[Sun Sep 24 00:35:53.216 2017] 0.002 sec [any/0/ext 7 (0,1)] [*] 为了
[Sun Sep 24 00:36:16.538 2017] 0.002 sec [any/0/ext 7 (0,1)] [*] 为了
[Sun Sep 24 00:40:41.684 2017] 0.002 sec [any/0/ext 7 (0,1)] [*] 为了
[Sun Sep 24 00:40:52.618 2017] 0.001 sec [any/0/ext 7 (1,1)] [*] 为了
[Sun Sep 24 00:40:59.183 2017] 0.002 sec [any/0/ext 7 (2,1)] [*] 为了
[Sun Sep 24 00:41:06.042 2017] 0.001 sec [any/0/ext 7 (3,1)] [*] 为了
[Sun Sep 24 00:41:14.936 2017] 0.000 sec [any/0/ext 7 (0,1)] [*] 为了
[Sun Sep 24 00:43:35.807 2017] 0.003 sec [any/0/ext 7 (3,1)] [*] 为了
[Sun Sep 24 00:44:42.144 2017] 0.001 sec [any/0/ext 7 (3,1)] [*] 为了
[Sun Sep 24 00:52:07.439 2017] 0.002 sec [any/0/ext 7 (3,1)] [*] 为了
[Sun Sep 24 00:52:24.508 2017] 0.001 sec [any/0/ext 7 (0,1)] [*] 为了
[Sun Sep 24 00:56:50.011 2017] 0.002 sec [any/0/ext 7 (0,1)] [*] 为了
[Sun Sep 24 00:57:16.359 2017] 0.000 sec [any/0/ext 7 (0,5)] [*] 为了
[Sun Sep 24 00:57:35.082 2017] 0.001 sec [any/0/ext 7 (5,5)] [*] 为了
[Sun Sep 24 00:58:33.096 2017] 0.001 sec [any/0/ext 7 (5,5)] [*] 为了
[Sun Sep 24 00:58:43.802 2017] 0.001 sec [any/0/ext 7 (0,5)] [*] 为了
[Sun Sep 24 00:59:12.613 2017] 0.002 sec [any/0/ext 7 (5,5)] [*] 为了
[Sun Sep 24 00:59:27.863 2017] 0.002 sec [any/0/ext 7 (0,5)] [*] 为了
[Sun Sep 24 00:59:30.095 2017] 0.004 sec [any/0/ext 7 (0,5)] [*] 为了
[Sun Sep 24 01:00:53.473 2017] 0.001 sec [any/0/ext 7 (0,5)] [*] 为了
[Sun Sep 24 01:01:52.639 2017] 0.003 sec [any/0/ext 7 (0,5)] [*] 为了
[Sun Sep 24 01:02:50.991 2017] 0.002 sec [any/0/ext 7 (0,5)] [*] 为了
[Sun Sep 24 01:03:08.034 2017] 0.001 sec [any/0/ext 7 (5,5)] [*] 为了
[Sun Sep 24 01:03:36.928 2017] 0.001 sec [any/0/ext 7 (5,5)] [*] 为了
[Sun Sep 24 01:07:24.981 2017] 0.002 sec [any/0/ext 0 (5,5)] [*] ""/1
[Sun Sep 24 01:07:34.961 2017] 0.003 sec [any/0/ext 0 (0,5)] [*] ""/1
[Sun Sep 24 01:07:42.121 2017] 0.001 sec [any/0/ext 0 (0,5)] [*] ""/1
[Sun Sep 24 01:08:05.853 2017] 0.003 sec [any/0/ext 7 (0,5)] [*] 为了
[Sun Sep 24 01:08:13.135 2017] 0.003 sec [any/0/ext 7 (5,5)] [*] 为了
[Sun Sep 24 01:08:21.037 2017] 0.003 sec [any/0/ext 7 (0,5)] [*] 为了
[Sun Sep 24 01:08:32.031 2017] 0.001 sec [any/0/ext 0 (0,5)] [*] ""/1
[Sun Sep 24 01:09:55.820 2017] 0.000 sec [any/0/ext 0 (0,5)] [*] ""/1
[Sun Sep 24 01:10:03.034 2017] 0.002 sec [any/0/ext 3 (0,5)] [*] 消防
[Sun Sep 24 01:11:29.797 2017] 0.002 sec [any/0/ext 3 (0,5)] [*] 消防
[Sun Sep 24 01:12:41.957 2017] 0.001 sec [any/0/ext 3 (0,5)] [*] 消防
[Sun Sep 24 01:13:17.772 2017] 0.015 sec [any/0/ext 3 (0,5)] [*] 消防
[Sun Sep 24 01:13:34.754 2017] 0.001 sec [any/0/ext 3 (0,5)] [*] 消防
[Sun Sep 24 01:17:40.372 2017] 0.002 sec [any/0/ext 3 (0,5)] [*] 消防
[Sun Sep 24 01:17:50.188 2017] 0.001 sec [any/0/ext 7 (0,5)] [*] 为了
[Sun Sep 24 01:20:31.104 2017] 0.003 sec [any/0/ext 7 (0,5)] [*] 为了
[Sun Sep 24 10:16:22.156 2017] 0.023 sec [any/0/ext 7 (0,5)] [*] 为了
[Sun Sep 24 11:11:41.117 2017] 0.002 sec [any/0/ext 0 (0,5)] [*] ""/1
